#
# There is insufficient memory for the Java Runtime Environment to continue.
# Native memory allocation (mmap) failed to map 564133888 bytes for G1 virtual space
# Possible reasons:
#   The system is out of physical RAM or swap space
#   The process is running with CompressedOops enabled, and the Java Heap may be blocking the growth of the native heap
# Possible solutions:
#   Reduce memory load on the system
#   Increase physical memory or swap space
#   Check if swap backing store is full
#   Decrease Java heap size (-Xmx/-Xms)
#   Decrease number of Java threads
#   Decrease Java thread stack sizes (-Xss)
#   Set larger code cache with -XX:ReservedCodeCacheSize=
#   JVM is running with Zero Based Compressed Oops mode in which the Java heap is
#     placed in the first 32GB address space. The Java Heap base address is the
#     maximum limit for the native heap growth. Please use -XX:HeapBaseMinAddress
#     to set the Java Heap base and to place the Java Heap above 32GB virtual address.
# This output file may be truncated or incomplete.
#
#  Out of Memory Error (os_windows.cpp:3530), pid=91148, tid=53088
#
# JRE version: Java(TM) SE Runtime Environment (18.0.1.1+2) (build 18.0.1.1+2-6)
# Java VM: Java HotSpot(TM) 64-Bit Server VM (18.0.1.1+2-6, mixed mode, sharing, tiered, compressed oops, compressed class ptrs, g1 gc, windows-amd64)
# No core dump will be written. Minidumps are not enabled by default on client versions of Windows
#

---------------  S U M M A R Y ------------

Command Line: -Dmaven.multiModuleProjectDirectory=D:\antlr -Dmaven.home=D:\Èí¼þ\IntelliJ IDEA Community Edition 2022.2.3\plugins\maven\lib\maven3 -Dclassworlds.conf=D:\Èí¼þ\IntelliJ IDEA Community Edition 2022.2.3\plugins\maven\lib\maven3\bin\m2.conf -Dmaven.ext.class.path=D:\Èí¼þ\IntelliJ IDEA Community Edition 2022.2.3\plugins\maven\lib\maven-event-listener.jar -Dfile.encoding=UTF-8 -Dsun.stdout.encoding=UTF-8 -Dsun.stderr.encoding=UTF-8 org.codehaus.classworlds.Launcher -Didea.version=2022.2.3 install --non-recursive

Host: 11th Gen Intel(R) Core(TM) i7-11700 @ 2.50GHz, 16 cores, 15G,  Windows 10 , 64 bit Build 19041 (10.0.19041.207)
Time: Mon Nov  7 11:05:12 2022  Windows 10 , 64 bit Build 19041 (10.0.19041.207) elapsed time: 4.171188 seconds (0d 0h 0m 4s)

---------------  T H R E A D  ---------------

Current thread (0x0000024dfa5c5680):  VMThread "VM Thread" [stack: 0x0000008720b00000,0x0000008720c00000] [id=53088]

Stack: [0x0000008720b00000,0x0000008720c00000]
Native frames: (J=compiled Java code, j=interpreted, Vv=VM code, C=native code)
V  [jvm.dll+0x69887a]
V  [jvm.dll+0x7f38bd]
V  [jvm.dll+0x7f51ce]
V  [jvm.dll+0x7f5883]
V  [jvm.dll+0x25ca3f]
V  [jvm.dll+0x6957c9]
V  [jvm.dll+0x68a2fa]
V  [jvm.dll+0x321efb]
V  [jvm.dll+0x3298d6]
V  [jvm.dll+0x37e47e]
V  [jvm.dll+0x37e6af]
V  [jvm.dll+0x2f9c7a]
V  [jvm.dll+0x2f9d27]
V  [jvm.dll+0x33e262]
V  [jvm.dll+0x33c804]
V  [jvm.dll+0x2f9450]
V  [jvm.dll+0x33c0fd]
V  [jvm.dll+0x7fa66b]
V  [jvm.dll+0x7fb404]
V  [jvm.dll+0x7fb93c]
V  [jvm.dll+0x7fbd94]
V  [jvm.dll+0x7fbe57]
V  [jvm.dll+0x7a03ea]
V  [jvm.dll+0x697725]
C  [ucrtbase.dll+0x21542]
C  [KERNEL32.DLL+0x16fd4]
C  [ntdll.dll+0x4cec1]

VM_Operation (0x00000087205fd040): G1TryInitiateConcMark, mode: safepoint, requested by thread 0x0000024dd4e614d0


---------------  P R O C E S S  ---------------

Threads class SMR info:
_java_thread_list=0x0000024d803c5510, length=22, elements={
0x0000024dd4e614d0, 0x0000024dfa5ca8b0, 0x0000024dfa5cb250, 0x0000024dfa5e3210,
0x0000024dfa5e3bb0, 0x0000024dfa5e8570, 0x0000024dfa5e8f10, 0x0000024dfa5eabf0,
0x0000024dfa5ec630, 0x0000024dfa5ff4c0, 0x0000024dfe8d9780, 0x0000024dfe8e02b0,
0x0000024dfe908e00, 0x0000024dfe90fb50, 0x0000024dfe9b1cd0, 0x0000024dfee47030,
0x0000024dfeef1280, 0x0000024dfeef1780, 0x0000024d8162f670, 0x0000024d818c7890,
0x0000024d8119f890, 0x0000024d8124b3a0
}

Java Threads: ( => current thread )
  0x0000024dd4e614d0 JavaThread "main" [_thread_blocked, id=96248, stack(0x0000008720500000,0x0000008720600000)]
  0x0000024dfa5ca8b0 JavaThread "Reference Handler" daemon [_thread_blocked, id=94252, stack(0x0000008720c00000,0x0000008720d00000)]
  0x0000024dfa5cb250 JavaThread "Finalizer" daemon [_thread_blocked, id=89292, stack(0x0000008720d00000,0x0000008720e00000)]
  0x0000024dfa5e3210 JavaThread "Signal Dispatcher" daemon [_thread_blocked, id=95860, stack(0x0000008720e00000,0x0000008720f00000)]
  0x0000024dfa5e3bb0 JavaThread "Attach Listener" daemon [_thread_blocked, id=86280, stack(0x0000008720f00000,0x0000008721000000)]
  0x0000024dfa5e8570 JavaThread "Service Thread" daemon [_thread_blocked, id=86216, stack(0x0000008721000000,0x0000008721100000)]
  0x0000024dfa5e8f10 JavaThread "Monitor Deflation Thread" daemon [_thread_blocked, id=79700, stack(0x0000008721100000,0x0000008721200000)]
  0x0000024dfa5eabf0 JavaThread "C2 CompilerThread0" daemon [_thread_blocked, id=85952, stack(0x0000008721200000,0x0000008721300000)]
  0x0000024dfa5ec630 JavaThread "C1 CompilerThread0" daemon [_thread_blocked, id=95060, stack(0x0000008721300000,0x0000008721400000)]
  0x0000024dfa5ff4c0 JavaThread "Sweeper thread" daemon [_thread_blocked, id=96020, stack(0x0000008721400000,0x0000008721500000)]
  0x0000024dfe8d9780 JavaThread "C1 CompilerThread1" daemon [_thread_blocked, id=95052, stack(0x0000008721500000,0x0000008721600000)]
  0x0000024dfe8e02b0 JavaThread "C1 CompilerThread2" daemon [_thread_blocked, id=27788, stack(0x0000008721600000,0x0000008721700000)]
  0x0000024dfe908e00 JavaThread "Notification Thread" daemon [_thread_blocked, id=23976, stack(0x0000008721700000,0x0000008721800000)]
  0x0000024dfe90fb50 JavaThread "Common-Cleaner" daemon [_thread_blocked, id=95856, stack(0x0000008721900000,0x0000008721a00000)]
  0x0000024dfe9b1cd0 JavaThread "C2 CompilerThread1" daemon [_thread_blocked, id=77696, stack(0x0000008721a00000,0x0000008721b00000)]
  0x0000024dfee47030 JavaThread "C1 CompilerThread3" daemon [_thread_blocked, id=70392, stack(0x0000008721b00000,0x0000008721c00000)]
  0x0000024dfeef1280 JavaThread "C2 CompilerThread2" daemon [_thread_blocked, id=11856, stack(0x0000008721c00000,0x0000008721d00000)]
  0x0000024dfeef1780 JavaThread "C2 CompilerThread3" daemon [_thread_blocked, id=11964, stack(0x0000008721d00000,0x0000008721e00000)]
  0x0000024d8162f670 JavaThread "C2 CompilerThread4" daemon [_thread_blocked, id=81840, stack(0x0000008722c00000,0x0000008722d00000)]
  0x0000024d818c7890 JavaThread "C2 CompilerThread5" daemon [_thread_blocked, id=96120, stack(0x0000008722d00000,0x0000008722e00000)]
  0x0000024d8119f890 JavaThread "C2 CompilerThread6" daemon [_thread_blocked, id=95312, stack(0x0000008722e00000,0x0000008722f00000)]
  0x0000024d8124b3a0 JavaThread "C2 CompilerThread7" daemon [_thread_blocked, id=68560, stack(0x0000008722f00000,0x0000008723000000)]

Other Threads:
=>0x0000024dfa5c5680 VMThread "VM Thread" [stack: 0x0000008720b00000,0x0000008720c00000] [id=53088]
  0x0000024dfe90a2d0 WatcherThread "VM Periodic Task Thread" [stack: 0x0000008721800000,0x0000008721900000] [id=49888]
  0x0000024dd4ed3e20 WorkerThread "GC Thread#0" [stack: 0x0000008720600000,0x0000008720700000] [id=89024]
  0x0000024dff35cf50 WorkerThread "GC Thread#1" [stack: 0x0000008722100000,0x0000008722200000] [id=95592]
  0x0000024dff3d5b40 WorkerThread "GC Thread#2" [stack: 0x0000008722200000,0x0000008722300000] [id=88588]
  0x0000024d806dc6d0 WorkerThread "GC Thread#3" [stack: 0x0000008722300000,0x0000008722400000] [id=93852]
  0x0000024d80547af0 WorkerThread "GC Thread#4" [stack: 0x0000008722400000,0x0000008722500000] [id=73500]
  0x0000024d80547850 WorkerThread "GC Thread#5" [stack: 0x0000008722500000,0x0000008722600000] [id=95836]
  0x0000024d80548030 WorkerThread "GC Thread#6" [stack: 0x0000008722600000,0x0000008722700000] [id=82580]
  0x0000024d805482d0 WorkerThread "GC Thread#7" [stack: 0x0000008722700000,0x0000008722800000] [id=92996]
  0x0000024d80547d90 WorkerThread "GC Thread#8" [stack: 0x0000008722800000,0x0000008722900000] [id=95184]
  0x0000024d80548ff0 WorkerThread "GC Thread#9" [stack: 0x0000008722900000,0x0000008722a00000] [id=95616]
  0x0000024d814f8760 WorkerThread "GC Thread#10" [stack: 0x0000008721e00000,0x0000008721f00000] [id=72404]
  0x0000024d814f7f80 WorkerThread "GC Thread#11" [stack: 0x0000008721f00000,0x0000008722000000] [id=39056]
  0x0000024d814f91e0 WorkerThread "GC Thread#12" [stack: 0x0000008722000000,0x0000008722100000] [id=86204]
  0x0000024dd4ee49a0 ConcurrentGCThread "G1 Main Marker" [stack: 0x0000008720700000,0x0000008720800000] [id=93780]
  0x0000024dd4ee5390 WorkerThread "G1 Conc#0" [stack: 0x0000008720800000,0x0000008720900000] [id=95488]
  0x0000024d814f9480 WorkerThread "G1 Conc#1" [stack: 0x0000008722a00000,0x0000008722b00000] [id=90512]
  0x0000024d814f67e0 WorkerThread "G1 Conc#2" [stack: 0x0000008722b00000,0x0000008722c00000] [id=92532]
  0x0000024dd4f2e930 ConcurrentGCThread "G1 Refine#0" [stack: 0x0000008720900000,0x0000008720a00000] [id=54692]
  0x0000024dfede8530 ConcurrentGCThread "G1 Refine#1" [stack: 0x0000008723000000,0x0000008723100000] [id=70876]
  0x0000024dfede8da0 ConcurrentGCThread "G1 Refine#2" [stack: 0x0000008723100000,0x0000008723200000] [id=95400]
  0x0000024dfede8800 ConcurrentGCThread "G1 Refine#3" [stack: 0x0000008723200000,0x0000008723300000] [id=88972]
  0x0000024dfede9340 ConcurrentGCThread "G1 Refine#4" [stack: 0x0000008723300000,0x0000008723400000] [id=85308]
  0x0000024dfede9610 ConcurrentGCThread "G1 Refine#5" [stack: 0x0000008723400000,0x0000008723500000] [id=94148]
  0x0000024dfede9e80 ConcurrentGCThread "G1 Refine#6" [stack: 0x0000008723500000,0x0000008723600000] [id=81104]
  0x0000024d83b35f50 ConcurrentGCThread "G1 Refine#7" [stack: 0x0000008723600000,0x0000008723700000] [id=96092]
  0x0000024d83b37300 ConcurrentGCThread "G1 Refine#8" [stack: 0x0000008723700000,0x0000008723800000] [id=96184]
  0x0000024d83b37030 ConcurrentGCThread "G1 Refine#9" [stack: 0x0000008723800000,0x0000008723900000] [id=88372]
  0x0000024d83b36220 ConcurrentGCThread "G1 Refine#10" [stack: 0x0000008723900000,0x0000008723a00000] [id=95644]
  0x0000024d83b36a90 ConcurrentGCThread "G1 Refine#11" [stack: 0x0000008723a00000,0x0000008723b00000] [id=88656]
  0x0000024d83b35c80 ConcurrentGCThread "G1 Refine#12" [stack: 0x0000008723b00000,0x0000008723c00000] [id=96172]
  0x0000024dfa47e550 ConcurrentGCThread "G1 Service" [stack: 0x0000008720a00000,0x0000008720b00000] [id=91076]

Threads with active compile tasks:
C2 CompilerThread3     4182 7807       4       com.sun.tools.javac.comp.Check$1AnnotationValidator::visitAnnotation (38 bytes)

VM state: at safepoint (normal execution)

VM Mutex/Monitor currently owned by a thread:  ([mutex/lock_event])
[0x0000024dd4e5d5f0] Threads_lock - owner thread: 0x0000024dfa5c5680
[0x0000024dd4e5e130] Heap_lock - owner thread: 0x0000024dd4e614d0

Heap address: 0x0000000703a00000, size: 4038 MB, Compressed Oops mode: Zero based, Oop shift amount: 3

CDS archive(s) mapped at: [0x0000000800000000-0x0000000800ba0000-0x0000000800ba0000), size 12189696, SharedBaseAddress: 0x0000000800000000, ArchiveRelocationMode: 0.
Compressed class space mapped at: 0x0000000800c00000-0x0000000840c00000, reserved size: 1073741824
Narrow klass base: 0x0000000800000000, Narrow klass shift: 0, Narrow klass range: 0x100000000

GC Precious Log:
 CardTable entry size: 512
 Card Set container configuration: InlinePtr #cards 4 size 8 Array Of Cards #cards 16 size 48 Howl #buckets 8 coarsen threshold 3686 Howl Bitmap #cards 512 size 80 coarsen threshold 460 Card regions per heap region 1 cards per card region 4096
 CPUs: 16 total, 16 available
 Memory: 16149M
 Large Page Support: Disabled
 NUMA Support: Disabled
 Compressed Oops: Enabled (Zero based)
 Heap Region Size: 2M
 Heap Min Capacity: 8M
 Heap Initial Capacity: 254M
 Heap Max Capacity: 4038M
 Pre-touch: Disabled
 Parallel Workers: 13
 Concurrent Workers: 3
 Concurrent Refinement Workers: 13
 Periodic GC: Disabled

Heap:
 garbage-first heap   total 278528K, used 124785K [0x0000000703a00000, 0x0000000800000000)
  region size 2048K, 1 young (2048K), 1 survivors (2048K)
 Metaspace       used 27285K, committed 27776K, reserved 1114112K
  class space    used 2898K, committed 3136K, reserved 1048576K

Heap Regions: E=young(eden), S=young(survivor), O=old, HS=humongous(starts), HC=humongous(continues), CS=collection set, F=free, OA=open archive, CA=closed archive, TAMS=top-at-mark-start (previous, next)
|   0|0x0000000703a00000, 0x0000000703c00000, 0x0000000703c00000|100%| O|  |TAMS 0x0000000703c00000, 0x0000000703c00000| Untracked 
|   1|0x0000000703c00000, 0x0000000703e00000, 0x0000000703e00000|100%| O|  |TAMS 0x0000000703e00000, 0x0000000703e00000| Untracked 
|   2|0x0000000703e00000, 0x0000000704000000, 0x0000000704000000|100%|HS|  |TAMS 0x0000000704000000, 0x0000000704000000| Complete 
|   3|0x0000000704000000, 0x0000000704200000, 0x0000000704200000|100%| O|  |TAMS 0x0000000704200000, 0x0000000704200000| Untracked 
|   4|0x0000000704200000, 0x0000000704400000, 0x0000000704400000|100%| O|  |TAMS 0x0000000704400000, 0x0000000704400000| Untracked 
|   5|0x0000000704400000, 0x0000000704600000, 0x0000000704600000|100%| O|  |TAMS 0x0000000704600000, 0x0000000704600000| Untracked 
|   6|0x0000000704600000, 0x0000000704800000, 0x0000000704800000|100%|HS|  |TAMS 0x0000000704600000, 0x0000000704800000| Complete 
|   7|0x0000000704800000, 0x0000000704a00000, 0x0000000704a00000|100%| O|  |TAMS 0x0000000704a00000, 0x0000000704a00000| Untracked 
|   8|0x0000000704a00000, 0x0000000704c00000, 0x0000000704c00000|100%| O|  |TAMS 0x0000000704c00000, 0x0000000704c00000| Untracked 
|   9|0x0000000704c00000, 0x0000000704e00000, 0x0000000704e00000|100%| O|  |TAMS 0x0000000704e00000, 0x0000000704e00000| Untracked 
|  10|0x0000000704e00000, 0x0000000705000000, 0x0000000705000000|100%|HS|  |TAMS 0x0000000704e00000, 0x0000000705000000| Complete 
|  11|0x0000000705000000, 0x0000000705200000, 0x0000000705200000|100%|HS|  |TAMS 0x0000000705000000, 0x0000000705200000| Complete 
|  12|0x0000000705200000, 0x0000000705400000, 0x0000000705400000|100%| O|  |TAMS 0x0000000705200000, 0x0000000705400000| Untracked 
|  13|0x0000000705400000, 0x0000000705600000, 0x0000000705600000|100%| O|  |TAMS 0x0000000705400000, 0x0000000705600000| Untracked 
|  14|0x0000000705600000, 0x0000000705800000, 0x0000000705800000|100%| O|  |TAMS 0x0000000705800000, 0x0000000705800000| Untracked 
|  15|0x0000000705800000, 0x0000000705a00000, 0x0000000705a00000|100%| O|  |TAMS 0x0000000705a00000, 0x0000000705a00000| Untracked 
|  16|0x0000000705a00000, 0x0000000705c00000, 0x0000000705c00000|100%| O|  |TAMS 0x0000000705c00000, 0x0000000705c00000| Untracked 
|  17|0x0000000705c00000, 0x0000000705e00000, 0x0000000705e00000|100%| O|  |TAMS 0x0000000705e00000, 0x0000000705e00000| Untracked 
|  18|0x0000000705e00000, 0x0000000705e00000, 0x0000000706000000|  0%| F|  |TAMS 0x0000000705e00000, 0x0000000705e00000| Untracked 
|  19|0x0000000706000000, 0x0000000706200000, 0x0000000706200000|100%| O|  |TAMS 0x0000000706200000, 0x0000000706200000| Untracked 
|  20|0x0000000706200000, 0x0000000706400000, 0x0000000706400000|100%| O|  |TAMS 0x0000000706200000, 0x0000000706400000| Untracked 
|  21|0x0000000706400000, 0x0000000706600000, 0x0000000706600000|100%| O|  |TAMS 0x0000000706400000, 0x0000000706600000| Untracked 
|  22|0x0000000706600000, 0x0000000706800000, 0x0000000706800000|100%| O|  |TAMS 0x0000000706600000, 0x0000000706800000| Untracked 
|  23|0x0000000706800000, 0x0000000706a00000, 0x0000000706a00000|100%| O|  |TAMS 0x0000000706800000, 0x0000000706a00000| Untracked 
|  24|0x0000000706a00000, 0x0000000706a00000, 0x0000000706c00000|  0%| F|  |TAMS 0x0000000706a00000, 0x0000000706a00000| Untracked 
|  25|0x0000000706c00000, 0x0000000706e00000, 0x0000000706e00000|100%| O|  |TAMS 0x0000000706c00000, 0x0000000706e00000| Untracked 
|  26|0x0000000706e00000, 0x0000000707000000, 0x0000000707000000|100%| O|  |TAMS 0x0000000706e00000, 0x0000000707000000| Untracked 
|  27|0x0000000707000000, 0x0000000707000000, 0x0000000707200000|  0%| F|  |TAMS 0x0000000707000000, 0x0000000707000000| Untracked 
|  28|0x0000000707200000, 0x0000000707200000, 0x0000000707400000|  0%| F|  |TAMS 0x0000000707200000, 0x0000000707200000| Untracked 
|  29|0x0000000707400000, 0x0000000707600000, 0x0000000707600000|100%| O|  |TAMS 0x0000000707600000, 0x0000000707600000| Untracked 
|  30|0x0000000707600000, 0x0000000707800000, 0x0000000707800000|100%| O|  |TAMS 0x0000000707800000, 0x0000000707800000| Untracked 
|  31|0x0000000707800000, 0x0000000707a00000, 0x0000000707a00000|100%| O|  |TAMS 0x0000000707800000, 0x0000000707a00000| Untracked 
|  32|0x0000000707a00000, 0x0000000707c00000, 0x0000000707c00000|100%| O|  |TAMS 0x0000000707a00000, 0x0000000707c00000| Untracked 
|  33|0x0000000707c00000, 0x0000000707c00000, 0x0000000707e00000|  0%| F|  |TAMS 0x0000000707c00000, 0x0000000707c00000| Untracked 
|  34|0x0000000707e00000, 0x0000000708000000, 0x0000000708000000|100%| O|  |TAMS 0x0000000708000000, 0x0000000708000000| Untracked 
|  35|0x0000000708000000, 0x0000000708200000, 0x0000000708200000|100%|HS|  |TAMS 0x0000000708200000, 0x0000000708200000| Complete 
|  36|0x0000000708200000, 0x0000000708400000, 0x0000000708400000|100%|HS|  |TAMS 0x0000000708400000, 0x0000000708400000| Complete 
|  37|0x0000000708400000, 0x0000000708600000, 0x0000000708600000|100%| O|  |TAMS 0x0000000708400000, 0x0000000708600000| Untracked 
|  38|0x0000000708600000, 0x0000000708697c00, 0x0000000708800000| 29%| O|  |TAMS 0x0000000708600000, 0x0000000708697c00| Untracked 
|  39|0x0000000708800000, 0x0000000708a00000, 0x0000000708a00000|100%|HS|  |TAMS 0x0000000708a00000, 0x0000000708a00000| Complete 
|  40|0x0000000708a00000, 0x0000000708c00000, 0x0000000708c00000|100%|HS|  |TAMS 0x0000000708c00000, 0x0000000708c00000| Complete 
|  41|0x0000000708c00000, 0x0000000708e00000, 0x0000000708e00000|100%|HS|  |TAMS 0x0000000708e00000, 0x0000000708e00000| Complete 
|  42|0x0000000708e00000, 0x0000000709000000, 0x0000000709000000|100%|HS|  |TAMS 0x0000000709000000, 0x0000000709000000| Complete 
|  43|0x0000000709000000, 0x0000000709200000, 0x0000000709200000|100%| O|  |TAMS 0x0000000709200000, 0x0000000709200000| Untracked 
|  44|0x0000000709200000, 0x0000000709400000, 0x0000000709400000|100%| O|  |TAMS 0x0000000709400000, 0x0000000709400000| Untracked 
|  45|0x0000000709400000, 0x0000000709400000, 0x0000000709600000|  0%| F|  |TAMS 0x0000000709400000, 0x0000000709400000| Untracked 
|  46|0x0000000709600000, 0x0000000709600000, 0x0000000709800000|  0%| F|  |TAMS 0x0000000709600000, 0x0000000709600000| Untracked 
|  47|0x0000000709800000, 0x0000000709a00000, 0x0000000709a00000|100%| O|  |TAMS 0x0000000709a00000, 0x0000000709a00000| Untracked 
|  48|0x0000000709a00000, 0x0000000709c00000, 0x0000000709c00000|100%| O|  |TAMS 0x0000000709a95000, 0x0000000709c00000| Untracked 
|  49|0x0000000709c00000, 0x0000000709e00000, 0x0000000709e00000|100%|HS|  |TAMS 0x0000000709e00000, 0x0000000709e00000| Complete 
|  50|0x0000000709e00000, 0x000000070a000000, 0x000000070a000000|100%|HS|  |TAMS 0x000000070a000000, 0x000000070a000000| Complete 
|  51|0x000000070a000000, 0x000000070a200000, 0x000000070a200000|100%|HS|  |TAMS 0x000000070a200000, 0x000000070a200000| Complete 
|  52|0x000000070a200000, 0x000000070a400000, 0x000000070a400000|100%| O|  |TAMS 0x000000070a200000, 0x000000070a400000| Untracked 
|  53|0x000000070a400000, 0x000000070a600000, 0x000000070a600000|100%| O|  |TAMS 0x000000070a400000, 0x000000070a600000| Untracked 
|  54|0x000000070a600000, 0x000000070a800000, 0x000000070a800000|100%| O|  |TAMS 0x000000070a600000, 0x000000070a800000| Untracked 
|  55|0x000000070a800000, 0x000000070aa00000, 0x000000070aa00000|100%| O|  |TAMS 0x000000070a800000, 0x000000070aa00000| Untracked 
|  56|0x000000070aa00000, 0x000000070ac00000, 0x000000070ac00000|100%| O|  |TAMS 0x000000070aa00000, 0x000000070ac00000| Untracked 
|  57|0x000000070ac00000, 0x000000070ae00000, 0x000000070ae00000|100%| O|  |TAMS 0x000000070ac00000, 0x000000070ae00000| Untracked 
|  58|0x000000070ae00000, 0x000000070b000000, 0x000000070b000000|100%|HS|  |TAMS 0x000000070ae00000, 0x000000070b000000| Complete 
|  59|0x000000070b000000, 0x000000070b000000, 0x000000070b200000|  0%| F|  |TAMS 0x000000070b000000, 0x000000070b000000| Untracked 
|  60|0x000000070b200000, 0x000000070b200000, 0x000000070b400000|  0%| F|  |TAMS 0x000000070b200000, 0x000000070b200000| Untracked 
|  61|0x000000070b400000, 0x000000070b400000, 0x000000070b600000|  0%| F|  |TAMS 0x000000070b400000, 0x000000070b400000| Untracked 
|  62|0x000000070b600000, 0x000000070b600000, 0x000000070b800000|  0%| F|  |TAMS 0x000000070b600000, 0x000000070b600000| Untracked 
|  63|0x000000070b800000, 0x000000070b800000, 0x000000070ba00000|  0%| F|  |TAMS 0x000000070b800000, 0x000000070b800000| Untracked 
|  64|0x000000070ba00000, 0x000000070ba00000, 0x000000070bc00000|  0%| F|  |TAMS 0x000000070ba00000, 0x000000070ba00000| Untracked 
|  65|0x000000070bc00000, 0x000000070bc00000, 0x000000070be00000|  0%| F|  |TAMS 0x000000070bc00000, 0x000000070bc00000| Untracked 
|  66|0x000000070be00000, 0x000000070be00000, 0x000000070c000000|  0%| F|  |TAMS 0x000000070be00000, 0x000000070be00000| Untracked 
|  67|0x000000070c000000, 0x000000070c000000, 0x000000070c200000|  0%| F|  |TAMS 0x000000070c000000, 0x000000070c000000| Untracked 
|  68|0x000000070c200000, 0x000000070c200000, 0x000000070c400000|  0%| F|  |TAMS 0x000000070c200000, 0x000000070c200000| Untracked 
|  69|0x000000070c400000, 0x000000070c400000, 0x000000070c600000|  0%| F|  |TAMS 0x000000070c400000, 0x000000070c400000| Untracked 
|  70|0x000000070c600000, 0x000000070c600000, 0x000000070c800000|  0%| F|  |TAMS 0x000000070c600000, 0x000000070c600000| Untracked 
|  71|0x000000070c800000, 0x000000070c800000, 0x000000070ca00000|  0%| F|  |TAMS 0x000000070c800000, 0x000000070c800000| Untracked 
|  72|0x000000070ca00000, 0x000000070ca00000, 0x000000070cc00000|  0%| F|  |TAMS 0x000000070ca00000, 0x000000070ca00000| Untracked 
|  73|0x000000070cc00000, 0x000000070cc00000, 0x000000070ce00000|  0%| F|  |TAMS 0x000000070cc00000, 0x000000070cc00000| Untracked 
|  74|0x000000070ce00000, 0x000000070ce00000, 0x000000070d000000|  0%| F|  |TAMS 0x000000070ce00000, 0x000000070ce00000| Untracked 
|  75|0x000000070d000000, 0x000000070d000000, 0x000000070d200000|  0%| F|  |TAMS 0x000000070d000000, 0x000000070d000000| Untracked 
|  76|0x000000070d200000, 0x000000070d200000, 0x000000070d400000|  0%| F|  |TAMS 0x000000070d200000, 0x000000070d200000| Untracked 
|  77|0x000000070d400000, 0x000000070d400000, 0x000000070d600000|  0%| F|  |TAMS 0x000000070d400000, 0x000000070d400000| Untracked 
|  78|0x000000070d600000, 0x000000070d600000, 0x000000070d800000|  0%| F|  |TAMS 0x000000070d600000, 0x000000070d600000| Untracked 
|  79|0x000000070d800000, 0x000000070d800000, 0x000000070da00000|  0%| F|  |TAMS 0x000000070d800000, 0x000000070d800000| Untracked 
|  80|0x000000070da00000, 0x000000070da00000, 0x000000070dc00000|  0%| F|  |TAMS 0x000000070da00000, 0x000000070da00000| Untracked 
|  81|0x000000070dc00000, 0x000000070dc00000, 0x000000070de00000|  0%| F|  |TAMS 0x000000070dc00000, 0x000000070dc00000| Untracked 
|  82|0x000000070de00000, 0x000000070de00000, 0x000000070e000000|  0%| F|  |TAMS 0x000000070de00000, 0x000000070de00000| Untracked 
|  83|0x000000070e000000, 0x000000070e000000, 0x000000070e200000|  0%| F|  |TAMS 0x000000070e000000, 0x000000070e000000| Untracked 
|  84|0x000000070e200000, 0x000000070e200000, 0x000000070e400000|  0%| F|  |TAMS 0x000000070e200000, 0x000000070e200000| Untracked 
|  85|0x000000070e400000, 0x000000070e400000, 0x000000070e600000|  0%| F|  |TAMS 0x000000070e400000, 0x000000070e400000| Untracked 
|  86|0x000000070e600000, 0x000000070e600000, 0x000000070e800000|  0%| F|  |TAMS 0x000000070e600000, 0x000000070e600000| Untracked 
|  87|0x000000070e800000, 0x000000070e800000, 0x000000070ea00000|  0%| F|  |TAMS 0x000000070e800000, 0x000000070e800000| Untracked 
|  88|0x000000070ea00000, 0x000000070ea00000, 0x000000070ec00000|  0%| F|  |TAMS 0x000000070ea00000, 0x000000070ea00000| Untracked 
|  89|0x000000070ec00000, 0x000000070ec00000, 0x000000070ee00000|  0%| F|  |TAMS 0x000000070ec00000, 0x000000070ec00000| Untracked 
|  90|0x000000070ee00000, 0x000000070ee00000, 0x000000070f000000|  0%| F|  |TAMS 0x000000070ee00000, 0x000000070ee00000| Untracked 
|  91|0x000000070f000000, 0x000000070f000000, 0x000000070f200000|  0%| F|  |TAMS 0x000000070f000000, 0x000000070f000000| Untracked 
|  92|0x000000070f200000, 0x000000070f200000, 0x000000070f400000|  0%| F|  |TAMS 0x000000070f200000, 0x000000070f200000| Untracked 
|  93|0x000000070f400000, 0x000000070f400000, 0x000000070f600000|  0%| F|  |TAMS 0x000000070f400000, 0x000000070f400000| Untracked 
|  94|0x000000070f600000, 0x000000070f600000, 0x000000070f800000|  0%| F|  |TAMS 0x000000070f600000, 0x000000070f600000| Untracked 
|  95|0x000000070f800000, 0x000000070f800000, 0x000000070fa00000|  0%| F|  |TAMS 0x000000070f800000, 0x000000070f800000| Untracked 
|  96|0x000000070fa00000, 0x000000070fa00000, 0x000000070fc00000|  0%| F|  |TAMS 0x000000070fa00000, 0x000000070fa00000| Untracked 
|  97|0x000000070fc00000, 0x000000070fc00000, 0x000000070fe00000|  0%| F|  |TAMS 0x000000070fc00000, 0x000000070fc00000| Untracked 
|  98|0x000000070fe00000, 0x000000070fe00000, 0x0000000710000000|  0%| F|  |TAMS 0x000000070fe00000, 0x000000070fe00000| Untracked 
|  99|0x0000000710000000, 0x0000000710000000, 0x0000000710200000|  0%| F|  |TAMS 0x0000000710000000, 0x0000000710000000| Untracked 
| 100|0x0000000710200000, 0x0000000710200000, 0x0000000710400000|  0%| F|  |TAMS 0x0000000710200000, 0x0000000710200000| Untracked 
| 101|0x0000000710400000, 0x0000000710400000, 0x0000000710600000|  0%| F|  |TAMS 0x0000000710400000, 0x0000000710400000| Untracked 
| 102|0x0000000710600000, 0x0000000710600000, 0x0000000710800000|  0%| F|  |TAMS 0x0000000710600000, 0x0000000710600000| Untracked 
| 103|0x0000000710800000, 0x0000000710800000, 0x0000000710a00000|  0%| F|  |TAMS 0x0000000710800000, 0x0000000710800000| Untracked 
| 104|0x0000000710a00000, 0x0000000710a00000, 0x0000000710c00000|  0%| F|  |TAMS 0x0000000710a00000, 0x0000000710a00000| Untracked 
| 105|0x0000000710c00000, 0x0000000710c00000, 0x0000000710e00000|  0%| F|  |TAMS 0x0000000710c00000, 0x0000000710c00000| Untracked 
| 106|0x0000000710e00000, 0x0000000710e00000, 0x0000000711000000|  0%| F|  |TAMS 0x0000000710e00000, 0x0000000710e00000| Untracked 
| 107|0x0000000711000000, 0x0000000711000000, 0x0000000711200000|  0%| F|  |TAMS 0x0000000711000000, 0x0000000711000000| Untracked 
| 108|0x0000000711200000, 0x0000000711200000, 0x0000000711400000|  0%| F|  |TAMS 0x0000000711200000, 0x0000000711200000| Untracked 
| 109|0x0000000711400000, 0x0000000711400000, 0x0000000711600000|  0%| F|  |TAMS 0x0000000711400000, 0x0000000711400000| Untracked 
| 110|0x0000000711600000, 0x0000000711600000, 0x0000000711800000|  0%| F|  |TAMS 0x0000000711600000, 0x0000000711600000| Untracked 
| 111|0x0000000711800000, 0x0000000711800000, 0x0000000711a00000|  0%| F|  |TAMS 0x0000000711800000, 0x0000000711800000| Untracked 
| 112|0x0000000711a00000, 0x0000000711a00000, 0x0000000711c00000|  0%| F|  |TAMS 0x0000000711a00000, 0x0000000711a00000| Untracked 
| 113|0x0000000711c00000, 0x0000000711c00000, 0x0000000711e00000|  0%| F|  |TAMS 0x0000000711c00000, 0x0000000711c00000| Untracked 
| 114|0x0000000711e00000, 0x0000000711e00000, 0x0000000712000000|  0%| F|  |TAMS 0x0000000711e00000, 0x0000000711e00000| Untracked 
| 115|0x0000000712000000, 0x0000000712000000, 0x0000000712200000|  0%| F|  |TAMS 0x0000000712000000, 0x0000000712000000| Untracked 
| 116|0x0000000712200000, 0x0000000712200000, 0x0000000712400000|  0%| F|  |TAMS 0x0000000712200000, 0x0000000712200000| Untracked 
| 117|0x0000000712400000, 0x0000000712400000, 0x0000000712600000|  0%| F|  |TAMS 0x0000000712400000, 0x0000000712400000| Untracked 
| 118|0x0000000712600000, 0x0000000712600000, 0x0000000712800000|  0%| F|  |TAMS 0x0000000712600000, 0x0000000712600000| Untracked 
| 119|0x0000000712800000, 0x0000000712800000, 0x0000000712a00000|  0%| F|  |TAMS 0x0000000712800000, 0x0000000712800000| Untracked 
| 120|0x0000000712a00000, 0x0000000712a00000, 0x0000000712c00000|  0%| F|  |TAMS 0x0000000712a00000, 0x0000000712a00000| Untracked 
| 121|0x0000000712c00000, 0x0000000712c00000, 0x0000000712e00000|  0%| F|  |TAMS 0x0000000712c00000, 0x0000000712c00000| Untracked 
| 122|0x0000000712e00000, 0x0000000712e00000, 0x0000000713000000|  0%| F|  |TAMS 0x0000000712e00000, 0x0000000712e00000| Untracked 
| 123|0x0000000713000000, 0x0000000713144bf0, 0x0000000713200000| 63%| S|CS|TAMS 0x0000000713000000, 0x0000000713000000| Complete 
| 124|0x0000000713200000, 0x0000000713200000, 0x0000000713400000|  0%| F|  |TAMS 0x0000000713200000, 0x0000000713200000| Untracked 
| 125|0x0000000713400000, 0x0000000713400000, 0x0000000713600000|  0%| F|  |TAMS 0x0000000713400000, 0x0000000713400000| Untracked 
| 126|0x0000000713600000, 0x0000000713600000, 0x0000000713800000|  0%| F|  |TAMS 0x0000000713600000, 0x0000000713600000| Untracked 
|2010|0x00000007fee00000, 0x00000007ff000000, 0x00000007ff000000|100%| O|  |TAMS 0x00000007ff000000, 0x00000007ff000000| Untracked 
|2011|0x00000007ff000000, 0x00000007ff200000, 0x00000007ff200000|100%| O|  |TAMS 0x00000007ff200000, 0x00000007ff200000| Untracked 
|2012|0x00000007ff200000, 0x00000007ff400000, 0x00000007ff400000|100%| O|  |TAMS 0x00000007ff400000, 0x00000007ff400000| Untracked 
|2013|0x00000007ff400000, 0x00000007ff600000, 0x00000007ff600000|100%| O|  |TAMS 0x00000007ff600000, 0x00000007ff600000| Untracked 
|2014|0x00000007ff600000, 0x00000007ff800000, 0x00000007ff800000|100%| O|  |TAMS 0x00000007ff800000, 0x00000007ff800000| Untracked 
|2015|0x00000007ff800000, 0x00000007ffa00000, 0x00000007ffa00000|100%| O|  |TAMS 0x00000007ffa00000, 0x00000007ffa00000| Untracked 
|2016|0x00000007ffa00000, 0x00000007ffc00000, 0x00000007ffc00000|100%| O|  |TAMS 0x00000007ffc00000, 0x00000007ffc00000| Untracked 
|2017|0x00000007ffc00000, 0x00000007ffe00000, 0x00000007ffe00000|100%| O|  |TAMS 0x00000007ffe00000, 0x00000007ffe00000| Untracked 
|2018|0x00000007ffe00000, 0x0000000800000000, 0x0000000800000000|100%| O|  |TAMS 0x0000000800000000, 0x0000000800000000| Untracked 

Card table byte_map: [0x0000024dee780000,0x0000024deef70000] _byte_map_base: 0x0000024deaf63000

Marking Bits (Prev, Next): (CMBitMap*) 0x0000024dd4ed4420, (CMBitMap*) 0x0000024dd4ed4460
 Prev Bits: [0x0000024def760000, 0x0000024df3678000)
 Next Bits: [0x0000024df3680000, 0x0000024df7598000)

Polling page: 0x0000024dd4b40000

Metaspace:

Usage:
  Non-class:     23.82 MB used.
      Class:      2.83 MB used.
       Both:     26.65 MB used.

Virtual space:
  Non-class space:       64.00 MB reserved,      24.06 MB ( 38%) committed,  1 nodes.
      Class space:        1.00 GB reserved,       3.06 MB ( <1%) committed,  1 nodes.
             Both:        1.06 GB reserved,      27.12 MB (  2%) committed. 

Chunk freelists:
   Non-Class:  3.75 MB
       Class:  902.00 KB
        Both:  4.63 MB

MaxMetaspaceSize: unlimited
CompressedClassSpaceSize: 1.00 GB
Initial GC threshold: 21.00 MB
Current GC threshold: 45.25 MB
CDS: on
MetaspaceReclaimPolicy: balanced
 - commit_granule_bytes: 65536.
 - commit_granule_words: 8192.
 - virtual_space_node_default_size: 8388608.
 - enlarge_chunks_in_place: 1.
 - new_chunks_are_fully_committed: 0.
 - uncommit_free_chunks: 1.
 - use_allocation_guard: 0.


Internal statistics:

num_allocs_failed_limit: 3.
num_arena_births: 548.
num_arena_deaths: 0.
num_vsnodes_births: 2.
num_vsnodes_deaths: 0.
num_space_committed: 434.
num_space_uncommitted: 0.
num_chunks_returned_to_freelist: 3.
num_chunks_taken_from_freelist: 1555.
num_chunk_merges: 3.
num_chunk_splits: 1097.
num_chunks_enlarged: 809.
num_inconsistent_stats: 0.

CodeHeap 'non-profiled nmethods': size=119168Kb used=4845Kb max_used=5141Kb free=114322Kb
 bounds [0x0000024de5b70000, 0x0000024de6080000, 0x0000024decfd0000]
CodeHeap 'profiled nmethods': size=119104Kb used=12696Kb max_used=14960Kb free=106407Kb
 bounds [0x0000024dde720000, 0x0000024ddf5c0000, 0x0000024de5b70000]
CodeHeap 'non-nmethods': size=7488Kb used=2930Kb max_used=3108Kb free=4558Kb
 bounds [0x0000024dddfd0000, 0x0000024dde2e0000, 0x0000024dde720000]
 total_blobs=6905 nmethods=6380 adapters=434
 compilation: enabled
              stopped_count=0, restarted_count=0
 full_count=0

Compilation events (20 events):
Event: 4.123 Thread 0x0000024d818c7890 7824       4       java.lang.AbstractStringBuilder::<init> (63 bytes)
Event: 4.124 Thread 0x0000024d8162f670 nmethod 7765 0x0000024de5f70010 code [0x0000024de5f70360, 0x0000024de5f735c0]
Event: 4.125 Thread 0x0000024d8119f890 nmethod 7817 0x0000024de5efee90 code [0x0000024de5eff060, 0x0000024de5effaf0]
Event: 4.126 Thread 0x0000024dfeef1280 nmethod 7819 0x0000024de5cc5410 code [0x0000024de5cc55a0, 0x0000024de5cc5d78]
Event: 4.127 Thread 0x0000024dfa5eabf0 7825       4       lombok.javac.JavacASTAdapter::visitType (1 bytes)
Event: 4.127 Thread 0x0000024dfa5eabf0 nmethod 7825 0x0000024de5cedd10 code [0x0000024de5cede80, 0x0000024de5cedef8]
Event: 4.128 Thread 0x0000024d8162f670 7826   !   4       com.sun.tools.javac.tree.Pretty::printExpr (74 bytes)
Event: 4.129 Thread 0x0000024dfee47030 7827   !   3       sun.nio.fs.WindowsPath::toAbsolutePath (56 bytes)
Event: 4.129 Thread 0x0000024dfee47030 nmethod 7827 0x0000024dde924590 code [0x0000024dde9247c0, 0x0000024dde924f28]
Event: 4.129 Thread 0x0000024dfeef1280 7828   !   4       com.sun.tools.javac.tree.JCTree::toString (39 bytes)
Event: 4.129 Thread 0x0000024d8162f670 nmethod 7826 0x0000024de5e0e810 code [0x0000024de5e0e9a0, 0x0000024de5e0ea98]
Event: 4.130 Thread 0x0000024d818c7890 nmethod 7824 0x0000024de5efc310 code [0x0000024de5efc4e0, 0x0000024de5efccc8]
Event: 4.130 Thread 0x0000024dfa5ec630 nmethod 7823 0x0000024ddf462290 code [0x0000024ddf463080, 0x0000024ddf46be28]
Event: 4.130 Thread 0x0000024d8162f670 7829       4       lombok.javac.JavacAST::buildField (109 bytes)
Event: 4.131 Thread 0x0000024dfe9b1cd0 nmethod 7820 0x0000024de5efb610 code [0x0000024de5efb7c0, 0x0000024de5efbe18]
Event: 4.133 Thread 0x0000024d8119f890 7830       4       java.lang.invoke.LambdaForm$MH/0x0000000800ef7c00::invoke (42 bytes)
Event: 4.134 Thread 0x0000024d8119f890 nmethod 7830 0x0000024de5ea4110 code [0x0000024de5ea4280, 0x0000024de5ea4318]
Event: 4.154 Thread 0x0000024d8162f670 nmethod 7829 0x0000024de5ed3310 code [0x0000024de5ed35c0, 0x0000024de5ed4b88]
Event: 4.156 Thread 0x0000024d8124b3a0 nmethod 7808 0x0000024de5e7e290 code [0x0000024de5e7e6e0, 0x0000024de5e81b18]
Event: 4.165 Thread 0x0000024dfeef1280 nmethod 7828 0x0000024de5ea7090 code [0x0000024de5ea72a0, 0x0000024de5ea8698]

GC Heap History (20 events):
Event: 2.162 GC heap after
{Heap after GC invocations=6 (full 0):
 garbage-first heap   total 86016K, used 32437K [0x0000000703a00000, 0x0000000800000000)
  region size 2048K, 1 young (2048K), 1 survivors (2048K)
 Metaspace       used 22840K, committed 23168K, reserved 1114112K
  class space    used 2455K, committed 2624K, reserved 1048576K
}
Event: 2.433 GC heap before
{Heap before GC invocations=6 (full 0):
 garbage-first heap   total 86016K, used 57013K [0x0000000703a00000, 0x0000000800000000)
  region size 2048K, 14 young (28672K), 1 survivors (2048K)
 Metaspace       used 23820K, committed 24192K, reserved 1114112K
  class space    used 2559K, committed 2688K, reserved 1048576K
}
Event: 2.437 GC heap after
{Heap after GC invocations=7 (full 0):
 garbage-first heap   total 159744K, used 40255K [0x0000000703a00000, 0x0000000800000000)
  region size 2048K, 2 young (4096K), 2 survivors (4096K)
 Metaspace       used 23820K, committed 24192K, reserved 1114112K
  class space    used 2559K, committed 2688K, reserved 1048576K
}
Event: 2.902 GC heap before
{Heap before GC invocations=7 (full 0):
 garbage-first heap   total 159744K, used 95551K [0x0000000703a00000, 0x0000000800000000)
  region size 2048K, 30 young (61440K), 2 survivors (4096K)
 Metaspace       used 25886K, committed 26304K, reserved 1114112K
  class space    used 2737K, committed 2944K, reserved 1048576K
}
Event: 2.911 GC heap after
{Heap after GC invocations=8 (full 0):
 garbage-first heap   total 159744K, used 46372K [0x0000000703a00000, 0x0000000800000000)
  region size 2048K, 4 young (8192K), 4 survivors (8192K)
 Metaspace       used 25886K, committed 26304K, reserved 1114112K
  class space    used 2737K, committed 2944K, reserved 1048576K
}
Event: 3.192 GC heap before
{Heap before GC invocations=8 (full 0):
 garbage-first heap   total 159744K, used 111908K [0x0000000703a00000, 0x0000000800000000)
  region size 2048K, 32 young (65536K), 4 survivors (8192K)
 Metaspace       used 26620K, committed 27072K, reserved 1114112K
  class space    used 2810K, committed 3008K, reserved 1048576K
}
Event: 3.217 GC heap after
{Heap after GC invocations=9 (full 0):
 garbage-first heap   total 159744K, used 66648K [0x0000000703a00000, 0x0000000800000000)
  region size 2048K, 4 young (8192K), 4 survivors (8192K)
 Metaspace       used 26620K, committed 27072K, reserved 1114112K
  class space    used 2810K, committed 3008K, reserved 1048576K
}
Event: 3.467 GC heap before
{Heap before GC invocations=9 (full 0):
 garbage-first heap   total 159744K, used 119896K [0x0000000703a00000, 0x0000000800000000)
  region size 2048K, 26 young (53248K), 4 survivors (8192K)
 Metaspace       used 26640K, committed 27072K, reserved 1114112K
  class space    used 2812K, committed 3008K, reserved 1048576K
}
Event: 3.510 GC heap after
{Heap after GC invocations=10 (full 0):
 garbage-first heap   total 159744K, used 88064K [0x0000000703a00000, 0x0000000800000000)
  region size 2048K, 4 young (8192K), 4 survivors (8192K)
 Metaspace       used 26640K, committed 27072K, reserved 1114112K
  class space    used 2812K, committed 3008K, reserved 1048576K
}
Event: 3.550 GC heap before
{Heap before GC invocations=10 (full 0):
 garbage-first heap   total 159744K, used 92160K [0x0000000703a00000, 0x0000000800000000)
  region size 2048K, 8 young (16384K), 4 survivors (8192K)
 Metaspace       used 26640K, committed 27072K, reserved 1114112K
  class space    used 2812K, committed 3008K, reserved 1048576K
}
Event: 3.569 GC heap after
{Heap after GC invocations=11 (full 0):
 garbage-first heap   total 276480K, used 92905K [0x0000000703a00000, 0x0000000800000000)
  region size 2048K, 2 young (4096K), 2 survivors (4096K)
 Metaspace       used 26640K, committed 27072K, reserved 1114112K
  class space    used 2812K, committed 3008K, reserved 1048576K
}
Event: 3.853 GC heap before
{Heap before GC invocations=11 (full 0):
 garbage-first heap   total 276480K, used 195305K [0x0000000703a00000, 0x0000000800000000)
  region size 2048K, 45 young (92160K), 2 survivors (4096K)
 Metaspace       used 27102K, committed 27648K, reserved 1114112K
  class space    used 2894K, committed 3136K, reserved 1048576K
}
Event: 3.869 GC heap after
{Heap after GC invocations=12 (full 0):
 garbage-first heap   total 276480K, used 129620K [0x0000000703a00000, 0x0000000800000000)
  region size 2048K, 6 young (12288K), 6 survivors (12288K)
 Metaspace       used 27102K, committed 27648K, reserved 1114112K
  class space    used 2894K, committed 3136K, reserved 1048576K
}
Event: 3.966 GC heap before
{Heap before GC invocations=12 (full 0):
 garbage-first heap   total 276480K, used 182868K [0x0000000703a00000, 0x0000000800000000)
  region size 2048K, 30 young (61440K), 6 survivors (12288K)
 Metaspace       used 27232K, committed 27776K, reserved 1114112K
  class space    used 2897K, committed 3136K, reserved 1048576K
}
Event: 3.981 GC heap after
{Heap after GC invocations=13 (full 0):
 garbage-first heap   total 276480K, used 146473K [0x0000000703a00000, 0x0000000800000000)
  region size 2048K, 5 young (10240K), 5 survivors (10240K)
 Metaspace       used 27232K, committed 27776K, reserved 1114112K
  class space    used 2897K, committed 3136K, reserved 1048576K
}
Event: 4.138 GC heap before
{Heap before GC invocations=14 (full 0):
 garbage-first heap   total 276480K, used 183337K [0x0000000703a00000, 0x0000000800000000)
  region size 2048K, 34 young (69632K), 5 survivors (10240K)
 Metaspace       used 27285K, committed 27776K, reserved 1114112K
  class space    used 2898K, committed 3136K, reserved 1048576K
}
Event: 4.152 GC heap after
{Heap after GC invocations=15 (full 0):
 garbage-first heap   total 276480K, used 135558K [0x0000000703a00000, 0x0000000800000000)
  region size 2048K, 5 young (10240K), 5 survivors (10240K)
 Metaspace       used 27285K, committed 27776K, reserved 1114112K
  class space    used 2898K, committed 3136K, reserved 1048576K
}
Event: 4.156 GC heap before
{Heap before GC invocations=15 (full 0):
 garbage-first heap   total 276480K, used 137606K [0x0000000703a00000, 0x0000000800000000)
  region size 2048K, 6 young (12288K), 5 survivors (10240K)
 Metaspace       used 27285K, committed 27776K, reserved 1114112K
  class space    used 2898K, committed 3136K, reserved 1048576K
}
Event: 4.164 GC heap after
{Heap after GC invocations=16 (full 0):
 garbage-first heap   total 276480K, used 123096K [0x0000000703a00000, 0x0000000800000000)
  region size 2048K, 1 young (2048K), 1 survivors (2048K)
 Metaspace       used 27285K, committed 27776K, reserved 1114112K
  class space    used 2898K, committed 3136K, reserved 1048576K
}
Event: 4.167 GC heap before
{Heap before GC invocations=16 (full 0):
 garbage-first heap   total 276480K, used 125144K [0x0000000703a00000, 0x0000000800000000)
  region size 2048K, 2 young (4096K), 1 survivors (2048K)
 Metaspace       used 27285K, committed 27776K, reserved 1114112K
  class space    used 2898K, committed 3136K, reserved 1048576K
}

Deoptimization events (20 events):
Event: 4.062 Thread 0x0000024dd4e614d0 Uncommon trap: trap_request=0xffffffc6 fr.pc=0x0000024de602172c relative=0x0000000000001b4c
Event: 4.062 Thread 0x0000024dd4e614d0 Uncommon trap: reason=bimorphic_or_optimized_type_check action=maybe_recompile pc=0x0000024de602172c method=com.sun.tools.javac.tree.Pretty.printExpr(Lcom/sun/tools/javac/tree/JCTree;I)V @ 25 c2
Event: 4.062 Thread 0x0000024dd4e614d0 DEOPT PACKING pc=0x0000024de602172c sp=0x00000087205fd700
Event: 4.063 Thread 0x0000024dd4e614d0 DEOPT UNPACKING pc=0x0000024dde025c23 sp=0x00000087205fd600 mode 2
Event: 4.063 Thread 0x0000024dd4e614d0 Uncommon trap: trap_request=0xffffffc6 fr.pc=0x0000024de602172c relative=0x0000000000001b4c
Event: 4.063 Thread 0x0000024dd4e614d0 Uncommon trap: reason=bimorphic_or_optimized_type_check action=maybe_recompile pc=0x0000024de602172c method=com.sun.tools.javac.tree.Pretty.printExpr(Lcom/sun/tools/javac/tree/JCTree;I)V @ 25 c2
Event: 4.063 Thread 0x0000024dd4e614d0 DEOPT PACKING pc=0x0000024de602172c sp=0x00000087205fd700
Event: 4.063 Thread 0x0000024dd4e614d0 DEOPT UNPACKING pc=0x0000024dde025c23 sp=0x00000087205fd600 mode 2
Event: 4.063 Thread 0x0000024dd4e614d0 Uncommon trap: trap_request=0xffffffc6 fr.pc=0x0000024de602172c relative=0x0000000000001b4c
Event: 4.063 Thread 0x0000024dd4e614d0 Uncommon trap: reason=bimorphic_or_optimized_type_check action=maybe_recompile pc=0x0000024de602172c method=com.sun.tools.javac.tree.Pretty.printExpr(Lcom/sun/tools/javac/tree/JCTree;I)V @ 25 c2
Event: 4.063 Thread 0x0000024dd4e614d0 DEOPT PACKING pc=0x0000024de602172c sp=0x00000087205fd700
Event: 4.063 Thread 0x0000024dd4e614d0 DEOPT UNPACKING pc=0x0000024dde025c23 sp=0x00000087205fd600 mode 2
Event: 4.063 Thread 0x0000024dd4e614d0 Uncommon trap: trap_request=0xffffffc6 fr.pc=0x0000024de602172c relative=0x0000000000001b4c
Event: 4.063 Thread 0x0000024dd4e614d0 Uncommon trap: reason=bimorphic_or_optimized_type_check action=maybe_recompile pc=0x0000024de602172c method=com.sun.tools.javac.tree.Pretty.printExpr(Lcom/sun/tools/javac/tree/JCTree;I)V @ 25 c2
Event: 4.063 Thread 0x0000024dd4e614d0 DEOPT PACKING pc=0x0000024de602172c sp=0x00000087205fd700
Event: 4.063 Thread 0x0000024dd4e614d0 DEOPT UNPACKING pc=0x0000024dde025c23 sp=0x00000087205fd600 mode 2
Event: 4.063 Thread 0x0000024dd4e614d0 Uncommon trap: trap_request=0xffffffc6 fr.pc=0x0000024de601e704 relative=0x0000000000000b24
Event: 4.063 Thread 0x0000024dd4e614d0 Uncommon trap: reason=bimorphic_or_optimized_type_check action=maybe_recompile pc=0x0000024de601e704 method=com.sun.tools.javac.tree.Pretty.printExpr(Lcom/sun/tools/javac/tree/JCTree;I)V @ 25 c2
Event: 4.063 Thread 0x0000024dd4e614d0 DEOPT PACKING pc=0x0000024de601e704 sp=0x00000087205fd520
Event: 4.063 Thread 0x0000024dd4e614d0 DEOPT UNPACKING pc=0x0000024dde025c23 sp=0x00000087205fd4f8 mode 2

Classes loaded (20 events):
Event: 2.830 Loading class java/util/Vector$1
Event: 2.830 Loading class java/util/Vector$1 done
Event: 2.833 Loading class java/io/PushbackInputStream
Event: 2.833 Loading class java/io/PushbackInputStream done
Event: 2.941 Loading class java/util/Collections$UnmodifiableSortedSet
Event: 2.941 Loading class java/util/Collections$UnmodifiableSortedSet done
Event: 2.945 Loading class java/util/IdentityHashMap$EntrySet
Event: 2.945 Loading class java/util/IdentityHashMap$EntrySet done
Event: 2.945 Loading class java/util/IdentityHashMap$EntryIterator
Event: 2.945 Loading class java/util/IdentityHashMap$EntryIterator done
Event: 2.946 Loading class java/util/IdentityHashMap$EntryIterator$Entry
Event: 2.946 Loading class java/util/IdentityHashMap$EntryIterator$Entry done
Event: 3.632 Loading class java/util/regex/Pattern$SliceI
Event: 3.632 Loading class java/util/regex/Pattern$SliceI done
Event: 3.667 Loading class java/util/regex/Pattern$Loop
Event: 3.667 Loading class java/util/regex/Pattern$Loop done
Event: 3.667 Loading class java/util/regex/Pattern$Prolog
Event: 3.668 Loading class java/util/regex/Pattern$Prolog done
Event: 3.674 Loading class java/util/regex/Pattern$LazyLoop
Event: 3.674 Loading class java/util/regex/Pattern$LazyLoop done

Classes unloaded (0 events):
No events

Classes redefined (0 events):
No events

Internal exceptions (20 events):
Event: 2.613 Thread 0x0000024dd4e614d0 Exception <a 'sun/nio/fs/WindowsException'{0x000000070a095268}> (0x000000070a095268) 
thrown [s\open\src\hotspot\share\prims\jni.cpp, line 516]
Event: 2.700 Thread 0x0000024dd4e614d0 Implicit null exception at 0x0000024de5cbe633 to 0x0000024de5cbea3c
Event: 2.710 Thread 0x0000024dd4e614d0 Implicit null exception at 0x0000024de5cb886b to 0x0000024de5cb8a54
Event: 3.612 Thread 0x0000024dd4e614d0 Implicit null exception at 0x0000024de5e37857 to 0x0000024de5e37f9f
Event: 3.645 Thread 0x0000024dd4e614d0 Exception <a 'java/lang/NoSuchMethodError'{0x0000000712b751a0}: 'long java.lang.invoke.DirectMethodHandle$Holder.invokeStatic(java.lang.Object, java.lang.Object, int)'> (0x0000000712b751a0) 
thrown [s\open\src\hotspot\share\interpreter\linkResolver.cpp, line 766]
Event: 3.646 Thread 0x0000024dd4e614d0 Exception <a 'java/lang/NoSuchMethodError'{0x0000000712b803c0}: 'java.lang.Object java.lang.invoke.DirectMethodHandle$Holder.invokeSpecial(java.lang.Object, java.lang.Object, java.lang.Object, long, java.lang.Object)'> (0x0000000712b803c0) 
thrown [s\open\src\hotspot\share\interpreter\linkResolver.cpp, line 766]
Event: 3.646 Thread 0x0000024dd4e614d0 Exception <a 'java/lang/NoSuchMethodError'{0x0000000712b842f8}: 'java.lang.Object java.lang.invoke.DelegatingMethodHandle$Holder.reinvoke_L(java.lang.Object, java.lang.Object, long, java.lang.Object)'> (0x0000000712b842f8) 
thrown [s\open\src\hotspot\share\interpreter\linkResolver.cpp, line 766]
Event: 3.647 Thread 0x0000024dd4e614d0 Exception <a 'java/lang/NoSuchMethodError'{0x0000000712b99d00}: 'java.lang.Object java.lang.invoke.DirectMethodHandle$Holder.invokeVirtual(java.lang.Object, java.lang.Object, java.lang.Object, java.lang.Object, java.lang.Object, java.lang.Object, java.lang.Object, java.lang.Object, java.lang.Object, java.lang.Object)'> (0x0000000712b99d00) 
thrown [s\open\src\hotspot\share\interpreter\linkResolver.cpp, line 766]
Event: 3.647 Thread 0x0000024dd4e614d0 Exception <a 'java/lang/NoSuchMethodError'{0x0000000712b9e748}: 'java.lang.Object java.lang.invoke.DirectMethodHandle$Holder.invokeSpecial(java.lang.Object, java.lang.Object, java.lang.Object, java.lang.Object, java.lang.Object, java.lang.Object, java.lang.Object, java.lang.Object, java.lang.Object, java.lang.Object, java.lang.Object)'> (0x0000000712b9e748) 
thrown [s\open\src\hotspot\share\interpreter\linkResolver.cpp, line 766]
Event: 3.650 Thread 0x0000024dd4e614d0 Exception <a 'java/lang/NoSuchMethodError'{0x0000000712bd5968}: 'void java.lang.invoke.DirectMethodHandle$Holder.invokeInterface(java.lang.Object, java.lang.Object, java.lang.Object, int)'> (0x0000000712bd5968) 
thrown [s\open\src\hotspot\share\interpreter\linkResolver.cpp, line 766]
Event: 3.650 Thread 0x0000024dd4e614d0 Exception <a 'java/lang/NoSuchMethodError'{0x0000000712bdd478}: 'void java.lang.invoke.DelegatingMethodHandle$Holder.reinvoke_L(java.lang.Object, java.lang.Object, java.lang.Object, int)'> (0x0000000712bdd478) 
thrown [s\open\src\hotspot\share\interpreter\linkResolver.cpp, line 766]
Event: 3.653 Thread 0x0000024dd4e614d0 Exception <a 'java/lang/NoSuchMethodError'{0x0000000712811730}: 'java.lang.Object java.lang.invoke.DirectMethodHandle$Holder.invokeVirtual(java.lang.Object, java.lang.Object, java.lang.Object, java.lang.Object)'> (0x0000000712811730) 
thrown [s\open\src\hotspot\share\interpreter\linkResolver.cpp, line 766]
Event: 3.660 Thread 0x0000024dd4e614d0 Exception <a 'java/lang/NoSuchMethodError'{0x00000007128555f8}: 'void java.lang.invoke.DirectMethodHandle$Holder.invokeVirtual(java.lang.Object, java.lang.Object)'> (0x00000007128555f8) 
thrown [s\open\src\hotspot\share\interpreter\linkResolver.cpp, line 766]
Event: 3.660 Thread 0x0000024dd4e614d0 Exception <a 'java/lang/NoSuchMethodError'{0x000000071285ffa8}: 'void java.lang.invoke.DirectMethodHandle$Holder.invokeVirtual(java.lang.Object, java.lang.Object, java.lang.Object, java.lang.Object)'> (0x000000071285ffa8) 
thrown [s\open\src\hotspot\share\interpreter\linkResolver.cpp, line 766]
Event: 3.664 Thread 0x0000024dd4e614d0 Implicit null exception at 0x0000024de5f95e30 to 0x0000024de5f95e64
Event: 3.678 Thread 0x0000024dd4e614d0 Exception <a 'java/lang/NoSuchMethodError'{0x00000007129c7d38}: 'java.lang.Object java.lang.invoke.DirectMethodHandle$Holder.invokeVirtual(java.lang.Object, java.lang.Object, java.lang.Object, java.lang.Object, java.lang.Object, java.lang.Object)'> (0x00000007129c7d38) 
thrown [s\open\src\hotspot\share\interpreter\linkResolver.cpp, line 766]
Event: 3.686 Thread 0x0000024dd4e614d0 Exception <a 'java/lang/NoSuchMethodError'{0x00000007126961e0}: 'java.lang.Object java.lang.invoke.DirectMethodHandle$Holder.invokeVirtual(java.lang.Object, java.lang.Object, java.lang.Object, java.lang.Object, java.lang.Object)'> (0x00000007126961e0) 
thrown [s\open\src\hotspot\share\interpreter\linkResolver.cpp, line 766]
Event: 3.687 Thread 0x0000024dd4e614d0 Exception <a 'java/lang/NoSuchMethodError'{0x00000007126a5da8}: 'java.lang.Object java.lang.invoke.Invokers$Holder.invokeExact_MT(java.lang.Object, java.lang.Object, java.lang.Object, java.lang.Object, java.lang.Object, java.lang.Object)'> (0x00000007126a5da8) 
thrown [s\open\src\hotspot\share\interpreter\linkResolver.cpp, line 766]
Event: 3.689 Thread 0x0000024dd4e614d0 Exception <a 'java/lang/NoSuchMethodError'{0x00000007126c0e90}: 'java.lang.Object java.lang.invoke.DirectMethodHandle$Holder.invokeVirtual(java.lang.Object, java.lang.Object, long)'> (0x00000007126c0e90) 
thrown [s\open\src\hotspot\share\interpreter\linkResolver.cpp, line 766]
Event: 3.689 Thread 0x0000024dd4e614d0 Implicit null exception at 0x0000024de5fecc4f to 0x0000024de5fece58

VM Operations (20 events):
Event: 3.869 Executing VM operation: G1CollectForAllocation done
Event: 3.933 Executing VM operation: ICBufferFull
Event: 3.933 Executing VM operation: ICBufferFull done
Event: 3.966 Executing VM operation: G1TryInitiateConcMark
Event: 3.981 Executing VM operation: G1TryInitiateConcMark done
Event: 4.009 Executing VM operation: G1Concurrent
Event: 4.012 Executing VM operation: G1Concurrent done
Event: 4.019 Executing VM operation: HandshakeAllThreads
Event: 4.019 Executing VM operation: HandshakeAllThreads done
Event: 4.034 Executing VM operation: G1Concurrent
Event: 4.034 Executing VM operation: G1Concurrent done
Event: 4.041 Executing VM operation: HandshakeAllThreads
Event: 4.041 Executing VM operation: HandshakeAllThreads done
Event: 4.053 Executing VM operation: HandshakeAllThreads
Event: 4.053 Executing VM operation: HandshakeAllThreads done
Event: 4.138 Executing VM operation: G1CollectForAllocation
Event: 4.152 Executing VM operation: G1CollectForAllocation done
Event: 4.156 Executing VM operation: G1CollectForAllocation
Event: 4.164 Executing VM operation: G1CollectForAllocation done
Event: 4.167 Executing VM operation: G1TryInitiateConcMark

Events (20 events):
Event: 4.066 Thread 0x0000024dfa5ff4c0 flushing nmethod 0x0000024ddf546f90
Event: 4.066 Thread 0x0000024dfa5ff4c0 flushing nmethod 0x0000024ddf547390
Event: 4.066 Thread 0x0000024dfa5ff4c0 flushing nmethod 0x0000024ddf547810
Event: 4.066 Thread 0x0000024dfa5ff4c0 flushing nmethod 0x0000024ddf548710
Event: 4.066 Thread 0x0000024dfa5ff4c0 flushing nmethod 0x0000024ddf54a910
Event: 4.066 Thread 0x0000024dfa5ff4c0 flushing nmethod 0x0000024ddf54c390
Event: 4.066 Thread 0x0000024dfa5ff4c0 flushing nmethod 0x0000024ddf54d790
Event: 4.066 Thread 0x0000024dfa5ff4c0 flushing nmethod 0x0000024ddf54dc10
Event: 4.066 Thread 0x0000024dfa5ff4c0 flushing nmethod 0x0000024ddf54e490
Event: 4.066 Thread 0x0000024dfa5ff4c0 flushing nmethod 0x0000024ddf54e810
Event: 4.066 Thread 0x0000024dfa5ff4c0 flushing nmethod 0x0000024ddf550210
Event: 4.066 Thread 0x0000024dfa5ff4c0 flushing nmethod 0x0000024ddf550690
Event: 4.066 Thread 0x0000024dfa5ff4c0 flushing nmethod 0x0000024ddf550b10
Event: 4.066 Thread 0x0000024dfa5ff4c0 flushing nmethod 0x0000024ddf551510
Event: 4.066 Thread 0x0000024dfa5ff4c0 flushing nmethod 0x0000024ddf552290
Event: 4.066 Thread 0x0000024dfa5ff4c0 flushing nmethod 0x0000024ddf55a090
Event: 4.066 Thread 0x0000024dfa5ff4c0 flushing nmethod 0x0000024ddf55ab10
Event: 4.066 Thread 0x0000024dfa5ff4c0 flushing nmethod 0x0000024ddf55af90
Event: 4.066 Thread 0x0000024dfa5ff4c0 flushing nmethod 0x0000024ddf561110
Event: 4.066 Thread 0x0000024dfa5ff4c0 flushing nmethod 0x0000024ddf56e290


Dynamic libraries:
0x00007ff7ee3b0000 - 0x00007ff7ee3c0000 	C:\Program Files\Java\jdk-18.0.1.1\bin\java.exe
0x00007ff956710000 - 0x00007ff956904000 	C:\Windows\SYSTEM32\ntdll.dll
0x00007ff954a50000 - 0x00007ff954b0d000 	C:\Windows\System32\KERNEL32.DLL
0x00007ff9542d0000 - 0x00007ff954597000 	C:\Windows\System32\KERNELBASE.dll
0x00007ff9540c0000 - 0x00007ff9541c0000 	C:\Windows\System32\ucrtbase.dll
0x00007ff941fd0000 - 0x00007ff941fe8000 	C:\Program Files\Java\jdk-18.0.1.1\bin\jli.dll
0x00007ff9437c0000 - 0x00007ff9437da000 	C:\Program Files\Java\jdk-18.0.1.1\bin\VCRUNTIME140.dll
0x00007ff956590000 - 0x00007ff95663a000 	C:\Windows\System32\ADVAPI32.dll
0x00007ff954940000 - 0x00007ff9549de000 	C:\Windows\System32\msvcrt.dll
0x00007ff954790000 - 0x00007ff95482b000 	C:\Windows\System32\sechost.dll
0x00007ff9551a0000 - 0x00007ff9552c3000 	C:\Windows\System32\RPCRT4.dll
0x00007ff956230000 - 0x00007ff9563d0000 	C:\Windows\System32\USER32.dll
0x00007ff9545a0000 - 0x00007ff9545c2000 	C:\Windows\System32\win32u.dll
0x00007ff93d7a0000 - 0x00007ff93da3a000 	C:\Windows\WinSxS\amd64_microsoft.windows.common-controls_6595b64144ccf1df_6.0.19041.1_none_b555e41d4684ddec\COMCTL32.dll
0x00007ff956640000 - 0x00007ff95666a000 	C:\Windows\System32\GDI32.dll
0x00007ff953f00000 - 0x00007ff954009000 	C:\Windows\System32\gdi32full.dll
0x00007ff953e60000 - 0x00007ff953efd000 	C:\Windows\System32\msvcp_win.dll
0x00007ff94e6b0000 - 0x00007ff94e6ba000 	C:\Windows\SYSTEM32\VERSION.dll
0x00007ff9558e0000 - 0x00007ff955910000 	C:\Windows\System32\IMM32.DLL
0x00007ff944ab0000 - 0x00007ff944abc000 	C:\Program Files\Java\jdk-18.0.1.1\bin\vcruntime140_1.dll
0x00007ff91fcd0000 - 0x00007ff91fd5d000 	C:\Program Files\Java\jdk-18.0.1.1\bin\msvcp140.dll
0x00007ff900d70000 - 0x00007ff901980000 	C:\Program Files\Java\jdk-18.0.1.1\bin\server\jvm.dll
0x00007ff954780000 - 0x00007ff954788000 	C:\Windows\System32\PSAPI.DLL
0x00007ff9516a0000 - 0x00007ff9516a9000 	C:\Windows\SYSTEM32\WSOCK32.dll
0x00007ff935270000 - 0x00007ff935297000 	C:\Windows\SYSTEM32\WINMM.dll
0x00007ff9549e0000 - 0x00007ff954a4b000 	C:\Windows\System32\WS2_32.dll
0x00007ff951e10000 - 0x00007ff951e23000 	C:\Windows\SYSTEM32\kernel.appcore.dll
0x00007ff9449a0000 - 0x00007ff9449aa000 	C:\Program Files\Java\jdk-18.0.1.1\bin\jimage.dll
0x00007ff93dbe0000 - 0x00007ff93ddc4000 	C:\Windows\SYSTEM32\DBGHELP.DLL
0x00007ff93da40000 - 0x00007ff93da6c000 	C:\Windows\SYSTEM32\dbgcore.DLL
0x00007ff954040000 - 0x00007ff9540bf000 	C:\Windows\System32\bcryptPrimitives.dll
0x00007ff941ef0000 - 0x00007ff941f15000 	C:\Program Files\Java\jdk-18.0.1.1\bin\java.dll
0x00007ff9108a0000 - 0x00007ff910976000 	C:\Program Files\Java\jdk-18.0.1.1\bin\jsvml.dll
0x00007ff955af0000 - 0x00007ff956221000 	C:\Windows\System32\SHELL32.dll
0x00007ff952010000 - 0x00007ff95279a000 	C:\Windows\SYSTEM32\windows.storage.dll
0x00007ff954bf0000 - 0x00007ff954f44000 	C:\Windows\System32\combase.dll
0x00007ff953870000 - 0x00007ff95389b000 	C:\Windows\SYSTEM32\Wldp.dll
0x00007ff954830000 - 0x00007ff9548de000 	C:\Windows\System32\SHCORE.dll
0x00007ff956670000 - 0x00007ff9566c5000 	C:\Windows\System32\shlwapi.dll
0x00007ff953da0000 - 0x00007ff953dbf000 	C:\Windows\SYSTEM32\profapi.dll
0x00007ff9401a0000 - 0x00007ff9401b3000 	C:\Program Files\Java\jdk-18.0.1.1\bin\net.dll
0x00007ff94c850000 - 0x00007ff94c950000 	C:\Windows\SYSTEM32\WINHTTP.dll
0x00007ff953590000 - 0x00007ff9535fa000 	C:\Windows\system32\mswsock.dll
0x00007ff93fbb0000 - 0x00007ff93fbc6000 	C:\Program Files\Java\jdk-18.0.1.1\bin\nio.dll
0x00007ff93fb40000 - 0x00007ff93fb58000 	C:\Program Files\Java\jdk-18.0.1.1\bin\zip.dll
0x00007ff944670000 - 0x00007ff944680000 	C:\Program Files\Java\jdk-18.0.1.1\bin\verify.dll
0x00007ff953760000 - 0x00007ff953778000 	C:\Windows\SYSTEM32\CRYPTSP.dll
0x00007ff952f20000 - 0x00007ff952f54000 	C:\Windows\system32\rsaenh.dll
0x00007ff954010000 - 0x00007ff954037000 	C:\Windows\System32\bcrypt.dll
0x00007ff953d20000 - 0x00007ff953d4e000 	C:\Windows\SYSTEM32\USERENV.dll
0x00007ff953780000 - 0x00007ff95378c000 	C:\Windows\SYSTEM32\CRYPTBASE.dll
0x00007ff953280000 - 0x00007ff9532bb000 	C:\Windows\SYSTEM32\IPHLPAPI.DLL
0x00007ff955ae0000 - 0x00007ff955ae9000 	C:\Windows\System32\NSI.dll
0x00007ff94e300000 - 0x00007ff94e317000 	C:\Windows\SYSTEM32\dhcpcsvc6.DLL
0x00007ff94e3a0000 - 0x00007ff94e3bd000 	C:\Windows\SYSTEM32\dhcpcsvc.DLL
0x00007ff9532c0000 - 0x00007ff95338a000 	C:\Windows\SYSTEM32\DNSAPI.dll
0x00007ff944960000 - 0x00007ff94496a000 	C:\Users\Administrator\AppData\Local\Temp\jansi-1.17.1-1699121171960255816.dll
0x00007ff9447c0000 - 0x00007ff9447ca000 	C:\Users\Administrator\AppData\Local\Temp\jansi-1.17.1-4854302243377428036.dll

dbghelp: loaded successfully - version: 4.0.5 - missing functions: none
symbol engine: initialized successfully - sym options: 0x614 - pdb path: .;C:\Program Files\Java\jdk-18.0.1.1\bin;C:\Windows\SYSTEM32;C:\Windows\WinSxS\amd64_microsoft.windows.common-controls_6595b64144ccf1df_6.0.19041.1_none_b555e41d4684ddec;C:\Program Files\Java\jdk-18.0.1.1\bin\server;C:\Users\Administrator\AppData\Local\Temp

VM Arguments:
jvm_args: -Dmaven.multiModuleProjectDirectory=D:\antlr -Dmaven.home=D:\Èí¼þ\IntelliJ IDEA Community Edition 2022.2.3\plugins\maven\lib\maven3 -Dclassworlds.conf=D:\Èí¼þ\IntelliJ IDEA Community Edition 2022.2.3\plugins\maven\lib\maven3\bin\m2.conf -Dmaven.ext.class.path=D:\Èí¼þ\IntelliJ IDEA Community Edition 2022.2.3\plugins\maven\lib\maven-event-listener.jar -Dfile.encoding=UTF-8 -Dsun.stdout.encoding=UTF-8 -Dsun.stderr.encoding=UTF-8 
java_command: org.codehaus.classworlds.Launcher -Didea.version=2022.2.3 install --non-recursive
java_class_path (initial): D:\Èí¼þ\IntelliJ IDEA Community Edition 2022.2.3\plugins\maven\lib\maven3\boot\plexus-classworlds-2.6.0.jar;D:\Èí¼þ\IntelliJ IDEA Community Edition 2022.2.3\plugins\maven\lib\maven3\boot\plexus-classworlds.license
Launcher Type: SUN_STANDARD

[Global flags]
     intx CICompilerCount                          = 12                                        {product} {ergonomic}
     uint ConcGCThreads                            = 3                                         {product} {ergonomic}
     uint G1ConcRefinementThreads                  = 13                                        {product} {ergonomic}
   size_t G1HeapRegionSize                         = 2097152                                   {product} {ergonomic}
    uintx GCDrainStackTargetSize                   = 64                                        {product} {ergonomic}
   size_t InitialHeapSize                          = 266338304                                 {product} {ergonomic}
   size_t MarkStackSize                            = 4194304                                   {product} {ergonomic}
   size_t MaxHeapSize                              = 4234149888                                {product} {ergonomic}
   size_t MaxNewSize                               = 2539651072                                {product} {ergonomic}
   size_t MinHeapDeltaBytes                        = 2097152                                   {product} {ergonomic}
   size_t MinHeapSize                              = 8388608                                   {product} {ergonomic}
    uintx NonNMethodCodeHeapSize                   = 7602480                                {pd product} {ergonomic}
    uintx NonProfiledCodeHeapSize                  = 122027880                              {pd product} {ergonomic}
    uintx ProfiledCodeHeapSize                     = 122027880                              {pd product} {ergonomic}
    uintx ReservedCodeCacheSize                    = 251658240                              {pd product} {ergonomic}
     bool SegmentedCodeCache                       = true                                      {product} {ergonomic}
   size_t SoftMaxHeapSize                          = 4234149888                             {manageable} {ergonomic}
     bool UseCompressedClassPointers               = true                           {product lp64_product} {ergonomic}
     bool UseCompressedOops                        = true                           {product lp64_product} {ergonomic}
     bool UseG1GC                                  = true                                      {product} {ergonomic}
     bool UseLargePagesIndividualAllocation        = false                                  {pd product} {ergonomic}

Logging:
Log output configuration:
 #0: stdout all=warning uptime,level,tags foldmultilines=false
 #1: stderr all=off uptime,level,tags foldmultilines=false

Environment Variables:
JAVA_HOME=C:\Program Files\Java\jdk-18.0.1.1
CLASSPATH=.;C:\Program Files\Java\jdk-18.0.1.1\lib\dt.jar;C:\Program Files\Java\jdk-18.0.1.1\lib\tools.jar; 
PATH=C:\Program Files\Common Files\Oracle\Java\javapath;C:\Windows\system32;C:\Windows;C:\Windows\System32\Wbem;C:\Windows\System32\WindowsPowerShell\v1.0\;C:\Windows\System32\OpenSSH\;C:\Program Files\Microsoft SQL Server\150\Tools\Binn\;C:\Program Files\Microsoft SQL Server\Client SDK\ODBC\170\Tools\Binn\;C:\Program Files\dotnet\;"C:\Program Files\Java\jdk-18.0.1.1\bin;";"C:\Program Files\Java\jdk-18.0.1.1\jre\bin;";C:\Users\Administrator\AppData\Local\Microsoft\WindowsApps;C:\Users\Administrator\.dotnet\tools
USERNAME=Administrator
OS=Windows_NT
PROCESSOR_IDENTIFIER=Intel64 Family 6 Model 167 Stepping 1, GenuineIntel



---------------  S Y S T E M  ---------------

OS:
 Windows 10 , 64 bit Build 19041 (10.0.19041.207)
OS uptime: 25 days 20:06 hours

CPU: total 16 (initial active 16) (8 cores per cpu, 2 threads per core) family 6 model 167 stepping 1 microcode 0x3c, cx8, cmov, fxsr, ht, mmx, 3dnowpref, sse, sse2, sse3, ssse3, sse4.1, sse4.2, popcnt, lzcnt, tsc, tscinvbit, avx, avx2, aes, erms, clmul, bmi1, bmi2, adx, avx512f, avx512dq, avx512cd, avx512bw, avx512vl, sha, fma, vzeroupper, avx512_vpopcntdq, avx512_vpclmulqdq, avx512_vaes, avx512_vnni, clflush, clflushopt, avx512_vbmi2, avx512_vbmi

Memory: 4k page, system-wide physical 16149M (3135M free)
TotalPageFile size 22979M (AvailPageFile size 408M)
current process WorkingSet (physical memory assigned to process): 522M, peak: 523M
current process commit charge ("private bytes"): 590M, peak: 1128M

vm_info: Java HotSpot(TM) 64-Bit Server VM (18.0.1.1+2-6) for windows-amd64 JRE (18.0.1.1+2-6), built on Apr 25 2022 21:53:15 by "mach5one" with MS VC++ 16.8 / 16.9 (VS2019)

END.
