#
# There is insufficient memory for the Java Runtime Environment to continue.
# Native memory allocation (malloc) failed to allocate 956976 bytes for Chunk::new
# Possible reasons:
#   The system is out of physical RAM or swap space
#   The process is running with CompressedOops enabled, and the Java Heap may be blocking the growth of the native heap
# Possible solutions:
#   Reduce memory load on the system
#   Increase physical memory or swap space
#   Check if swap backing store is full
#   Decrease Java heap size (-Xmx/-Xms)
#   Decrease number of Java threads
#   Decrease Java thread stack sizes (-Xss)
#   Set larger code cache with -XX:ReservedCodeCacheSize=
#   JVM is running with Zero Based Compressed Oops mode in which the Java heap is
#     placed in the first 32GB address space. The Java Heap base address is the
#     maximum limit for the native heap growth. Please use -XX:HeapBaseMinAddress
#     to set the Java Heap base and to place the Java Heap above 32GB virtual address.
# This output file may be truncated or incomplete.
#
#  Out of Memory Error (arena.cpp:184), pid=70004, tid=95940
#
# JRE version: Java(TM) SE Runtime Environment (18.0.1.1+2) (build 18.0.1.1+2-6)
# Java VM: Java HotSpot(TM) 64-Bit Server VM (18.0.1.1+2-6, mixed mode, sharing, tiered, compressed oops, compressed class ptrs, g1 gc, windows-amd64)
# No core dump will be written. Minidumps are not enabled by default on client versions of Windows
#

---------------  S U M M A R Y ------------

Command Line: -Dmaven.multiModuleProjectDirectory=D:\antlr -Dmaven.home=D:\Èí¼þ\IntelliJ IDEA Community Edition 2022.2.3\plugins\maven\lib\maven3 -Dclassworlds.conf=D:\Èí¼þ\IntelliJ IDEA Community Edition 2022.2.3\plugins\maven\lib\maven3\bin\m2.conf -Dmaven.ext.class.path=D:\Èí¼þ\IntelliJ IDEA Community Edition 2022.2.3\plugins\maven\lib\maven-event-listener.jar -Dfile.encoding=UTF-8 -Dsun.stdout.encoding=UTF-8 -Dsun.stderr.encoding=UTF-8 org.codehaus.classworlds.Launcher -Didea.version=2022.2.3 install --non-recursive

Host: 11th Gen Intel(R) Core(TM) i7-11700 @ 2.50GHz, 16 cores, 15G,  Windows 10 , 64 bit Build 19041 (10.0.19041.207)
Time: Mon Nov  7 11:05:33 2022  Windows 10 , 64 bit Build 19041 (10.0.19041.207) elapsed time: 4.916001 seconds (0d 0h 0m 4s)

---------------  T H R E A D  ---------------

Current thread (0x0000021db47ebaf0):  JavaThread "C2 CompilerThread2" daemon [_thread_in_native, id=95940, stack(0x0000004e2c600000,0x0000004e2c700000)]


Current CompileTask:
C2:   4916 9437   !   4       com.sun.tools.javac.comp.Attr::checkMethod (912 bytes)

Stack: [0x0000004e2c600000,0x0000004e2c700000]
Native frames: (J=compiled Java code, j=interpreted, Vv=VM code, C=native code)
V  [jvm.dll+0x69887a]
V  [jvm.dll+0x7f38bd]
V  [jvm.dll+0x7f51ce]
V  [jvm.dll+0x7f5883]
V  [jvm.dll+0x25ca3f]
V  [jvm.dll+0xb8c2f]
V  [jvm.dll+0xb8fa5]
V  [jvm.dll+0x385a31]
V  [jvm.dll+0x34f811]
V  [jvm.dll+0x34ecaa]
V  [jvm.dll+0x22fc21]
V  [jvm.dll+0x22eff1]
V  [jvm.dll+0x1b9cfc]
V  [jvm.dll+0x23e8ca]
V  [jvm.dll+0x23cbb5]
V  [jvm.dll+0x7a5fb1]
V  [jvm.dll+0x7a03ea]
V  [jvm.dll+0x697725]
C  [ucrtbase.dll+0x21542]
C  [KERNEL32.DLL+0x16fd4]
C  [ntdll.dll+0x4cec1]


---------------  P R O C E S S  ---------------

Threads class SMR info:
_java_thread_list=0x0000021db573fdb0, length=22, elements={
0x0000021d8be63a90, 0x0000021daf5a7f10, 0x0000021daf5a88b0, 0x0000021daf5bfe60,
0x0000021daf5c0800, 0x0000021daf5c55c0, 0x0000021daf5c7f70, 0x0000021daf5c8c40,
0x0000021daf5d8fc0, 0x0000021daf5da8c0, 0x0000021db38bba50, 0x0000021db38c2370,
0x0000021db38ca8b0, 0x0000021db38ec5c0, 0x0000021db398adf0, 0x0000021db3e68370,
0x0000021db47ebaf0, 0x0000021db481db60, 0x0000021db481e060, 0x0000021db4768110,
0x0000021db4c70180, 0x0000021db4c6ed40
}

Java Threads: ( => current thread )
  0x0000021d8be63a90 JavaThread "main" [_thread_in_Java, id=77904, stack(0x0000004e2af00000,0x0000004e2b000000)]
  0x0000021daf5a7f10 JavaThread "Reference Handler" daemon [_thread_blocked, id=95704, stack(0x0000004e2b600000,0x0000004e2b700000)]
  0x0000021daf5a88b0 JavaThread "Finalizer" daemon [_thread_blocked, id=95756, stack(0x0000004e2b700000,0x0000004e2b800000)]
  0x0000021daf5bfe60 JavaThread "Signal Dispatcher" daemon [_thread_blocked, id=73708, stack(0x0000004e2b800000,0x0000004e2b900000)]
  0x0000021daf5c0800 JavaThread "Attach Listener" daemon [_thread_blocked, id=42068, stack(0x0000004e2b900000,0x0000004e2ba00000)]
  0x0000021daf5c55c0 JavaThread "Service Thread" daemon [_thread_blocked, id=89960, stack(0x0000004e2ba00000,0x0000004e2bb00000)]
  0x0000021daf5c7f70 JavaThread "Monitor Deflation Thread" daemon [_thread_blocked, id=74552, stack(0x0000004e2bb00000,0x0000004e2bc00000)]
  0x0000021daf5c8c40 JavaThread "C2 CompilerThread0" daemon [_thread_in_native, id=78892, stack(0x0000004e2bc00000,0x0000004e2bd00000)]
  0x0000021daf5d8fc0 JavaThread "C1 CompilerThread0" daemon [_thread_blocked, id=94364, stack(0x0000004e2bd00000,0x0000004e2be00000)]
  0x0000021daf5da8c0 JavaThread "Sweeper thread" daemon [_thread_blocked, id=76704, stack(0x0000004e2be00000,0x0000004e2bf00000)]
  0x0000021db38bba50 JavaThread "C1 CompilerThread1" daemon [_thread_blocked, id=88036, stack(0x0000004e2bf00000,0x0000004e2c000000)]
  0x0000021db38c2370 JavaThread "C1 CompilerThread2" daemon [_thread_blocked, id=94432, stack(0x0000004e2c000000,0x0000004e2c100000)]
  0x0000021db38ca8b0 JavaThread "Notification Thread" daemon [_thread_blocked, id=93200, stack(0x0000004e2c100000,0x0000004e2c200000)]
  0x0000021db38ec5c0 JavaThread "Common-Cleaner" daemon [_thread_blocked, id=66848, stack(0x0000004e2c300000,0x0000004e2c400000)]
  0x0000021db398adf0 JavaThread "C2 CompilerThread1" daemon [_thread_in_native, id=95444, stack(0x0000004e2c400000,0x0000004e2c500000)]
  0x0000021db3e68370 JavaThread "C1 CompilerThread3" daemon [_thread_blocked, id=95936, stack(0x0000004e2c500000,0x0000004e2c600000)]
=>0x0000021db47ebaf0 JavaThread "C2 CompilerThread2" daemon [_thread_in_native, id=95940, stack(0x0000004e2c600000,0x0000004e2c700000)]
  0x0000021db481db60 JavaThread "C2 CompilerThread3" daemon [_thread_in_native, id=96048, stack(0x0000004e2c700000,0x0000004e2c800000)]
  0x0000021db481e060 JavaThread "C2 CompilerThread4" daemon [_thread_in_native, id=4792, stack(0x0000004e2c800000,0x0000004e2c900000)]
  0x0000021db4768110 JavaThread "C2 CompilerThread5" daemon [_thread_in_native, id=90144, stack(0x0000004e2c900000,0x0000004e2ca00000)]
  0x0000021db4c70180 JavaThread "C2 CompilerThread6" daemon [_thread_in_native, id=86032, stack(0x0000004e2d100000,0x0000004e2d200000)]
  0x0000021db4c6ed40 JavaThread "C2 CompilerThread7" daemon [_thread_in_native, id=81752, stack(0x0000004e2db00000,0x0000004e2dc00000)]

Other Threads:
  0x0000021d8bf1fef0 VMThread "VM Thread" [stack: 0x0000004e2b500000,0x0000004e2b600000] [id=16732]
  0x0000021db38ead80 WatcherThread "VM Periodic Task Thread" [stack: 0x0000004e2c200000,0x0000004e2c300000] [id=95352]
  0x0000021d8bed1d60 WorkerThread "GC Thread#0" [stack: 0x0000004e2b000000,0x0000004e2b100000] [id=95660]
  0x0000021db47f5ff0 WorkerThread "GC Thread#1" [stack: 0x0000004e2ca00000,0x0000004e2cb00000] [id=93620]
  0x0000021db49d9e90 WorkerThread "GC Thread#2" [stack: 0x0000004e2cb00000,0x0000004e2cc00000] [id=96208]
  0x0000021db49da130 WorkerThread "GC Thread#3" [stack: 0x0000004e2cc00000,0x0000004e2cd00000] [id=87752]
  0x0000021db49d9170 WorkerThread "GC Thread#4" [stack: 0x0000004e2cd00000,0x0000004e2ce00000] [id=18524]
  0x0000021db49d8ed0 WorkerThread "GC Thread#5" [stack: 0x0000004e2ce00000,0x0000004e2cf00000] [id=81164]
  0x0000021db49d9bf0 WorkerThread "GC Thread#6" [stack: 0x0000004e2cf00000,0x0000004e2d000000] [id=88084]
  0x0000021db49d96b0 WorkerThread "GC Thread#7" [stack: 0x0000004e2d000000,0x0000004e2d100000] [id=94884]
  0x0000021db49da3d0 WorkerThread "GC Thread#8" [stack: 0x0000004e2d200000,0x0000004e2d300000] [id=93096]
  0x0000021db49da670 WorkerThread "GC Thread#9" [stack: 0x0000004e2d300000,0x0000004e2d400000] [id=96000]
  0x0000021db53da130 WorkerThread "GC Thread#10" [stack: 0x0000004e2d400000,0x0000004e2d500000] [id=87488]
  0x0000021db53d6f50 WorkerThread "GC Thread#11" [stack: 0x0000004e2d500000,0x0000004e2d600000] [id=94896]
  0x0000021db53d71f0 WorkerThread "GC Thread#12" [stack: 0x0000004e2d600000,0x0000004e2d700000] [id=69492]
  0x0000021d8bee47f0 ConcurrentGCThread "G1 Main Marker" [stack: 0x0000004e2b100000,0x0000004e2b200000] [id=95320]
  0x0000021d8bee50e0 WorkerThread "G1 Conc#0" [stack: 0x0000004e2b200000,0x0000004e2b300000] [id=92716]
  0x0000021db53d9410 WorkerThread "G1 Conc#1" [stack: 0x0000004e2d700000,0x0000004e2d800000] [id=92568]
  0x0000021db53d96b0 WorkerThread "G1 Conc#2" [stack: 0x0000004e2d800000,0x0000004e2d900000] [id=3836]
  0x0000021daf45f160 ConcurrentGCThread "G1 Refine#0" [stack: 0x0000004e2b300000,0x0000004e2b400000] [id=95460]
  0x0000021db3da1850 ConcurrentGCThread "G1 Refine#1" [stack: 0x0000004e2d900000,0x0000004e2da00000] [id=92732]
  0x0000021db3da1b20 ConcurrentGCThread "G1 Refine#2" [stack: 0x0000004e2da00000,0x0000004e2db00000] [id=86716]
  0x0000021db3da2ed0 ConcurrentGCThread "G1 Refine#3" [stack: 0x0000004e2dc00000,0x0000004e2dd00000] [id=85748]
  0x0000021db3da12b0 ConcurrentGCThread "G1 Refine#4" [stack: 0x0000004e2dd00000,0x0000004e2de00000] [id=93112]
  0x0000021db9ce7690 ConcurrentGCThread "G1 Refine#5" [stack: 0x0000004e2de00000,0x0000004e2df00000] [id=96096]
  0x0000021db9ce6b50 ConcurrentGCThread "G1 Refine#6" [stack: 0x0000004e2df00000,0x0000004e2e000000] [id=96088]
  0x0000021db9ce4120 ConcurrentGCThread "G1 Refine#7" [stack: 0x0000004e2e000000,0x0000004e2e100000] [id=87872]
  0x0000021db9ce57a0 ConcurrentGCThread "G1 Refine#8" [stack: 0x0000004e2e100000,0x0000004e2e200000] [id=93144]
  0x0000021db9ce7960 ConcurrentGCThread "G1 Refine#9" [stack: 0x0000004e2e200000,0x0000004e2e300000] [id=95808]
  0x0000021db9ce3e50 ConcurrentGCThread "G1 Refine#10" [stack: 0x0000004e2e300000,0x0000004e2e400000] [id=43468]
  0x0000021db9ce43f0 ConcurrentGCThread "G1 Refine#11" [stack: 0x0000004e2e400000,0x0000004e2e500000] [id=13876]
  0x0000021db9ce46c0 ConcurrentGCThread "G1 Refine#12" [stack: 0x0000004e2e500000,0x0000004e2e600000] [id=95492]
  0x0000021daf45f980 ConcurrentGCThread "G1 Service" [stack: 0x0000004e2b400000,0x0000004e2b500000] [id=77584]

Threads with active compile tasks:
C2 CompilerThread0     4929 9477       4       java.util.stream.ReferencePipeline::forEachWithCancel (23 bytes)
C2 CompilerThread1     4929 9476       4       java.util.stream.AbstractPipeline::copyInto (54 bytes)
C2 CompilerThread2     4929 9437   !   4       com.sun.tools.javac.comp.Attr::checkMethod (912 bytes)
C2 CompilerThread3     4929 9420       4       com.sun.tools.javac.comp.Attr::visitApply (911 bytes)
C2 CompilerThread4     4929 9455   !   4       com.sun.tools.javac.comp.Attr::visitBinary (404 bytes)
C2 CompilerThread5     4929 9449       4       com.sun.tools.javac.comp.Operators$OperatorHelper::doLookup (44 bytes)
C2 CompilerThread6     4929 9457       4       com.sun.tools.javac.comp.Operators::resolveBinary (37 bytes)
C2 CompilerThread7     4929 9448       4       com.sun.tools.javac.comp.Operators::resolve (44 bytes)

VM state: not at safepoint (normal execution)

VM Mutex/Monitor currently owned by a thread: None

Heap address: 0x0000000703a00000, size: 4038 MB, Compressed Oops mode: Zero based, Oop shift amount: 3

CDS archive(s) mapped at: [0x0000000800000000-0x0000000800ba0000-0x0000000800ba0000), size 12189696, SharedBaseAddress: 0x0000000800000000, ArchiveRelocationMode: 0.
Compressed class space mapped at: 0x0000000800c00000-0x0000000840c00000, reserved size: 1073741824
Narrow klass base: 0x0000000800000000, Narrow klass shift: 0, Narrow klass range: 0x100000000

GC Precious Log:
 CardTable entry size: 512
 Card Set container configuration: InlinePtr #cards 4 size 8 Array Of Cards #cards 16 size 48 Howl #buckets 8 coarsen threshold 3686 Howl Bitmap #cards 512 size 80 coarsen threshold 460 Card regions per heap region 1 cards per card region 4096
 CPUs: 16 total, 16 available
 Memory: 16149M
 Large Page Support: Disabled
 NUMA Support: Disabled
 Compressed Oops: Enabled (Zero based)
 Heap Region Size: 2M
 Heap Min Capacity: 8M
 Heap Initial Capacity: 254M
 Heap Max Capacity: 4038M
 Pre-touch: Disabled
 Parallel Workers: 13
 Concurrent Workers: 3
 Concurrent Refinement Workers: 13
 Periodic GC: Disabled

Heap:
 garbage-first heap   total 342016K, used 113072K [0x0000000703a00000, 0x0000000800000000)
  region size 2048K, 11 young (22528K), 2 survivors (4096K)
 Metaspace       used 29218K, committed 29760K, reserved 1114112K
  class space    used 3051K, committed 3328K, reserved 1048576K

Heap Regions: E=young(eden), S=young(survivor), O=old, HS=humongous(starts), HC=humongous(continues), CS=collection set, F=free, OA=open archive, CA=closed archive, TAMS=top-at-mark-start (previous, next)
|   0|0x0000000703a00000, 0x0000000703c00000, 0x0000000703c00000|100%| O|  |TAMS 0x0000000703c00000, 0x0000000703a00000| Untracked 
|   1|0x0000000703c00000, 0x0000000703e00000, 0x0000000703e00000|100%| O|  |TAMS 0x0000000703e00000, 0x0000000703c00000| Untracked 
|   2|0x0000000703e00000, 0x0000000704000000, 0x0000000704000000|100%|HS|  |TAMS 0x0000000704000000, 0x0000000703e00000| Complete 
|   3|0x0000000704000000, 0x0000000704200000, 0x0000000704200000|100%| O|  |TAMS 0x0000000704200000, 0x0000000704000000| Untracked 
|   4|0x0000000704200000, 0x0000000704400000, 0x0000000704400000|100%| O|  |TAMS 0x0000000704400000, 0x0000000704200000| Untracked 
|   5|0x0000000704400000, 0x0000000704600000, 0x0000000704600000|100%| O|  |TAMS 0x0000000704600000, 0x0000000704400000| Untracked 
|   6|0x0000000704600000, 0x0000000704800000, 0x0000000704800000|100%| O|  |TAMS 0x0000000704800000, 0x0000000704600000| Untracked 
|   7|0x0000000704800000, 0x0000000704a00000, 0x0000000704a00000|100%| O|  |TAMS 0x0000000704a00000, 0x0000000704800000| Untracked 
|   8|0x0000000704a00000, 0x0000000704c00000, 0x0000000704c00000|100%| O|  |TAMS 0x0000000704c00000, 0x0000000704a00000| Untracked 
|   9|0x0000000704c00000, 0x0000000704e00000, 0x0000000704e00000|100%| O|  |TAMS 0x0000000704e00000, 0x0000000704c00000| Untracked 
|  10|0x0000000704e00000, 0x0000000705000000, 0x0000000705000000|100%| O|  |TAMS 0x0000000705000000, 0x0000000704e00000| Untracked 
|  11|0x0000000705000000, 0x0000000705200000, 0x0000000705200000|100%| O|  |TAMS 0x0000000705200000, 0x0000000705000000| Untracked 
|  12|0x0000000705200000, 0x0000000705200000, 0x0000000705400000|  0%| F|  |TAMS 0x0000000705200000, 0x0000000705200000| Untracked 
|  13|0x0000000705400000, 0x0000000705400000, 0x0000000705600000|  0%| F|  |TAMS 0x0000000705400000, 0x0000000705400000| Untracked 
|  14|0x0000000705600000, 0x0000000705600000, 0x0000000705800000|  0%| F|  |TAMS 0x0000000705600000, 0x0000000705600000| Untracked 
|  15|0x0000000705800000, 0x0000000705800000, 0x0000000705a00000|  0%| F|  |TAMS 0x0000000705800000, 0x0000000705800000| Untracked 
|  16|0x0000000705a00000, 0x0000000705c00000, 0x0000000705c00000|100%| O|  |TAMS 0x0000000705c00000, 0x0000000705a00000| Complete 
|  17|0x0000000705c00000, 0x0000000705e00000, 0x0000000705e00000|100%| O|  |TAMS 0x0000000705e00000, 0x0000000705c00000| Complete 
|  18|0x0000000705e00000, 0x0000000706000000, 0x0000000706000000|100%| O|  |TAMS 0x0000000706000000, 0x0000000705e00000| Untracked 
|  19|0x0000000706000000, 0x0000000706200000, 0x0000000706200000|100%| O|  |TAMS 0x0000000706200000, 0x0000000706000000| Untracked 
|  20|0x0000000706200000, 0x0000000706400000, 0x0000000706400000|100%| O|  |TAMS 0x0000000706400000, 0x0000000706200000| Untracked 
|  21|0x0000000706400000, 0x0000000706600000, 0x0000000706600000|100%| O|  |TAMS 0x0000000706600000, 0x0000000706400000| Untracked 
|  22|0x0000000706600000, 0x0000000706800000, 0x0000000706800000|100%| O|  |TAMS 0x0000000706800000, 0x0000000706600000| Untracked 
|  23|0x0000000706800000, 0x0000000706800000, 0x0000000706a00000|  0%| F|  |TAMS 0x0000000706800000, 0x0000000706800000| Untracked 
|  24|0x0000000706a00000, 0x0000000706c00000, 0x0000000706c00000|100%| O|  |TAMS 0x0000000706c00000, 0x0000000706a00000| Untracked 
|  25|0x0000000706c00000, 0x0000000706e00000, 0x0000000706e00000|100%| O|  |TAMS 0x0000000706e00000, 0x0000000706c00000| Untracked 
|  26|0x0000000706e00000, 0x0000000707000000, 0x0000000707000000|100%| O|  |TAMS 0x0000000707000000, 0x0000000706e00000| Complete 
|  27|0x0000000707000000, 0x0000000707200000, 0x0000000707200000|100%| O|  |TAMS 0x0000000707200000, 0x0000000707000000| Complete 
|  28|0x0000000707200000, 0x0000000707400000, 0x0000000707400000|100%| O|  |TAMS 0x0000000707400000, 0x0000000707200000| Complete 
|  29|0x0000000707400000, 0x0000000707600000, 0x0000000707600000|100%| O|  |TAMS 0x0000000707600000, 0x0000000707400000| Complete 
|  30|0x0000000707600000, 0x0000000707800000, 0x0000000707800000|100%| O|  |TAMS 0x0000000707800000, 0x0000000707600000| Complete 
|  31|0x0000000707800000, 0x0000000707800000, 0x0000000707a00000|  0%| F|  |TAMS 0x0000000707800000, 0x0000000707800000| Untracked 
|  32|0x0000000707a00000, 0x0000000707a00000, 0x0000000707c00000|  0%| F|  |TAMS 0x0000000707a00000, 0x0000000707a00000| Untracked 
|  33|0x0000000707c00000, 0x0000000707c00000, 0x0000000707e00000|  0%| F|  |TAMS 0x0000000707c00000, 0x0000000707c00000| Untracked 
|  34|0x0000000707e00000, 0x0000000707e00000, 0x0000000708000000|  0%| F|  |TAMS 0x0000000707e00000, 0x0000000707e00000| Untracked 
|  35|0x0000000708000000, 0x0000000708000000, 0x0000000708200000|  0%| F|  |TAMS 0x0000000708000000, 0x0000000708000000| Untracked 
|  36|0x0000000708200000, 0x0000000708400000, 0x0000000708400000|100%| O|  |TAMS 0x0000000708400000, 0x0000000708200000| Complete 
|  37|0x0000000708400000, 0x0000000708400000, 0x0000000708600000|  0%| F|  |TAMS 0x0000000708400000, 0x0000000708400000| Untracked 
|  38|0x0000000708600000, 0x0000000708800000, 0x0000000708800000|100%| O|  |TAMS 0x0000000708800000, 0x0000000708600000| Complete 
|  39|0x0000000708800000, 0x000000070890f800, 0x0000000708a00000| 53%| O|  |TAMS 0x000000070890f800, 0x0000000708800000| Complete 
|  40|0x0000000708a00000, 0x0000000708a00000, 0x0000000708c00000|  0%| F|  |TAMS 0x0000000708a00000, 0x0000000708a00000| Untracked 
|  41|0x0000000708c00000, 0x0000000708e00000, 0x0000000708e00000|100%| O|  |TAMS 0x0000000708e00000, 0x0000000708c00000| Complete 
|  42|0x0000000708e00000, 0x0000000708e00000, 0x0000000709000000|  0%| F|  |TAMS 0x0000000708e00000, 0x0000000708e00000| Untracked 
|  43|0x0000000709000000, 0x0000000709000000, 0x0000000709200000|  0%| F|  |TAMS 0x0000000709000000, 0x0000000709000000| Untracked 
|  44|0x0000000709200000, 0x0000000709200000, 0x0000000709400000|  0%| F|  |TAMS 0x0000000709200000, 0x0000000709200000| Untracked 
|  45|0x0000000709400000, 0x0000000709400000, 0x0000000709600000|  0%| F|  |TAMS 0x0000000709400000, 0x0000000709400000| Untracked 
|  46|0x0000000709600000, 0x0000000709600000, 0x0000000709800000|  0%| F|  |TAMS 0x0000000709600000, 0x0000000709600000| Untracked 
|  47|0x0000000709800000, 0x0000000709800000, 0x0000000709a00000|  0%| F|  |TAMS 0x0000000709800000, 0x0000000709800000| Untracked 
|  48|0x0000000709a00000, 0x0000000709a00000, 0x0000000709c00000|  0%| F|  |TAMS 0x0000000709a00000, 0x0000000709a00000| Untracked 
|  49|0x0000000709c00000, 0x0000000709c00000, 0x0000000709e00000|  0%| F|  |TAMS 0x0000000709c00000, 0x0000000709c00000| Untracked 
|  50|0x0000000709e00000, 0x0000000709e00000, 0x000000070a000000|  0%| F|  |TAMS 0x0000000709e00000, 0x0000000709e00000| Untracked 
|  51|0x000000070a000000, 0x000000070a000000, 0x000000070a200000|  0%| F|  |TAMS 0x000000070a000000, 0x000000070a000000| Untracked 
|  52|0x000000070a200000, 0x000000070a400000, 0x000000070a400000|100%| O|  |TAMS 0x000000070a400000, 0x000000070a200000| Complete 
|  53|0x000000070a400000, 0x000000070a600000, 0x000000070a600000|100%| O|  |TAMS 0x000000070a600000, 0x000000070a400000| Complete 
|  54|0x000000070a600000, 0x000000070a800000, 0x000000070a800000|100%| O|  |TAMS 0x000000070a800000, 0x000000070a600000| Untracked 
|  55|0x000000070a800000, 0x000000070a800000, 0x000000070aa00000|  0%| F|  |TAMS 0x000000070a800000, 0x000000070a800000| Untracked 
|  56|0x000000070aa00000, 0x000000070ac00000, 0x000000070ac00000|100%| O|  |TAMS 0x000000070ac00000, 0x000000070aa00000| Untracked 
|  57|0x000000070ac00000, 0x000000070ac00000, 0x000000070ae00000|  0%| F|  |TAMS 0x000000070ac00000, 0x000000070ac00000| Untracked 
|  58|0x000000070ae00000, 0x000000070ae00000, 0x000000070b000000|  0%| F|  |TAMS 0x000000070ae00000, 0x000000070ae00000| Untracked 
|  59|0x000000070b000000, 0x000000070b000000, 0x000000070b200000|  0%| F|  |TAMS 0x000000070b000000, 0x000000070b000000| Untracked 
|  60|0x000000070b200000, 0x000000070b400000, 0x000000070b400000|100%| O|  |TAMS 0x000000070b400000, 0x000000070b200000| Complete 
|  61|0x000000070b400000, 0x000000070b600000, 0x000000070b600000|100%| O|  |TAMS 0x000000070b600000, 0x000000070b400000| Untracked 
|  62|0x000000070b600000, 0x000000070b600000, 0x000000070b800000|  0%| F|  |TAMS 0x000000070b600000, 0x000000070b600000| Untracked 
|  63|0x000000070b800000, 0x000000070ba00000, 0x000000070ba00000|100%| O|  |TAMS 0x000000070ba00000, 0x000000070b800000| Untracked 
|  64|0x000000070ba00000, 0x000000070bc00000, 0x000000070bc00000|100%| O|  |TAMS 0x000000070bc00000, 0x000000070ba00000| Complete 
|  65|0x000000070bc00000, 0x000000070be00000, 0x000000070be00000|100%| O|  |TAMS 0x000000070be00000, 0x000000070bc00000| Complete 
|  66|0x000000070be00000, 0x000000070c000000, 0x000000070c000000|100%| O|  |TAMS 0x000000070c000000, 0x000000070be00000| Complete 
|  67|0x000000070c000000, 0x000000070c000000, 0x000000070c200000|  0%| F|  |TAMS 0x000000070c000000, 0x000000070c000000| Untracked 
|  68|0x000000070c200000, 0x000000070c200000, 0x000000070c400000|  0%| F|  |TAMS 0x000000070c200000, 0x000000070c200000| Untracked 
|  69|0x000000070c400000, 0x000000070c400000, 0x000000070c600000|  0%| F|  |TAMS 0x000000070c400000, 0x000000070c400000| Untracked 
|  70|0x000000070c600000, 0x000000070c600000, 0x000000070c800000|  0%| F|  |TAMS 0x000000070c600000, 0x000000070c600000| Untracked 
|  71|0x000000070c800000, 0x000000070c800000, 0x000000070ca00000|  0%| F|  |TAMS 0x000000070c800000, 0x000000070c800000| Untracked 
|  72|0x000000070ca00000, 0x000000070ca00000, 0x000000070cc00000|  0%| F|  |TAMS 0x000000070ca00000, 0x000000070ca00000| Untracked 
|  73|0x000000070cc00000, 0x000000070cc00000, 0x000000070ce00000|  0%| F|  |TAMS 0x000000070cc00000, 0x000000070cc00000| Untracked 
|  74|0x000000070ce00000, 0x000000070ce00000, 0x000000070d000000|  0%| F|  |TAMS 0x000000070ce00000, 0x000000070ce00000| Untracked 
|  75|0x000000070d000000, 0x000000070d000000, 0x000000070d200000|  0%| F|  |TAMS 0x000000070d000000, 0x000000070d000000| Untracked 
|  76|0x000000070d200000, 0x000000070d200000, 0x000000070d400000|  0%| F|  |TAMS 0x000000070d200000, 0x000000070d200000| Untracked 
|  77|0x000000070d400000, 0x000000070d400000, 0x000000070d600000|  0%| F|  |TAMS 0x000000070d400000, 0x000000070d400000| Untracked 
|  78|0x000000070d600000, 0x000000070d600000, 0x000000070d800000|  0%| F|  |TAMS 0x000000070d600000, 0x000000070d600000| Untracked 
|  79|0x000000070d800000, 0x000000070d800000, 0x000000070da00000|  0%| F|  |TAMS 0x000000070d800000, 0x000000070d800000| Untracked 
|  80|0x000000070da00000, 0x000000070da00000, 0x000000070dc00000|  0%| F|  |TAMS 0x000000070da00000, 0x000000070da00000| Untracked 
|  81|0x000000070dc00000, 0x000000070dc00000, 0x000000070de00000|  0%| F|  |TAMS 0x000000070dc00000, 0x000000070dc00000| Untracked 
|  82|0x000000070de00000, 0x000000070de00000, 0x000000070e000000|  0%| F|  |TAMS 0x000000070de00000, 0x000000070de00000| Untracked 
|  83|0x000000070e000000, 0x000000070e000000, 0x000000070e200000|  0%| F|  |TAMS 0x000000070e000000, 0x000000070e000000| Untracked 
|  84|0x000000070e200000, 0x000000070e200000, 0x000000070e400000|  0%| F|  |TAMS 0x000000070e200000, 0x000000070e200000| Untracked 
|  85|0x000000070e400000, 0x000000070e400000, 0x000000070e600000|  0%| F|  |TAMS 0x000000070e400000, 0x000000070e400000| Untracked 
|  86|0x000000070e600000, 0x000000070e600000, 0x000000070e800000|  0%| F|  |TAMS 0x000000070e600000, 0x000000070e600000| Untracked 
|  87|0x000000070e800000, 0x000000070e800000, 0x000000070ea00000|  0%| F|  |TAMS 0x000000070e800000, 0x000000070e800000| Untracked 
|  88|0x000000070ea00000, 0x000000070ea00000, 0x000000070ec00000|  0%| F|  |TAMS 0x000000070ea00000, 0x000000070ea00000| Untracked 
|  89|0x000000070ec00000, 0x000000070ec00000, 0x000000070ee00000|  0%| F|  |TAMS 0x000000070ec00000, 0x000000070ec00000| Untracked 
|  90|0x000000070ee00000, 0x000000070ee00000, 0x000000070f000000|  0%| F|  |TAMS 0x000000070ee00000, 0x000000070ee00000| Untracked 
|  91|0x000000070f000000, 0x000000070f000000, 0x000000070f200000|  0%| F|  |TAMS 0x000000070f000000, 0x000000070f000000| Untracked 
|  92|0x000000070f200000, 0x000000070f200000, 0x000000070f400000|  0%| F|  |TAMS 0x000000070f200000, 0x000000070f200000| Untracked 
|  93|0x000000070f400000, 0x000000070f400000, 0x000000070f600000|  0%| F|  |TAMS 0x000000070f400000, 0x000000070f400000| Untracked 
|  94|0x000000070f600000, 0x000000070f600000, 0x000000070f800000|  0%| F|  |TAMS 0x000000070f600000, 0x000000070f600000| Untracked 
|  95|0x000000070f800000, 0x000000070f800000, 0x000000070fa00000|  0%| F|  |TAMS 0x000000070f800000, 0x000000070f800000| Untracked 
|  96|0x000000070fa00000, 0x000000070fa00000, 0x000000070fc00000|  0%| F|  |TAMS 0x000000070fa00000, 0x000000070fa00000| Untracked 
|  97|0x000000070fc00000, 0x000000070fc00000, 0x000000070fe00000|  0%| F|  |TAMS 0x000000070fc00000, 0x000000070fc00000| Untracked 
|  98|0x000000070fe00000, 0x000000070fe00000, 0x0000000710000000|  0%| F|  |TAMS 0x000000070fe00000, 0x000000070fe00000| Untracked 
|  99|0x0000000710000000, 0x0000000710000000, 0x0000000710200000|  0%| F|  |TAMS 0x0000000710000000, 0x0000000710000000| Untracked 
| 100|0x0000000710200000, 0x0000000710200000, 0x0000000710400000|  0%| F|  |TAMS 0x0000000710200000, 0x0000000710200000| Untracked 
| 101|0x0000000710400000, 0x000000071055cab0, 0x0000000710600000| 68%| S|CS|TAMS 0x0000000710400000, 0x0000000710400000| Complete 
| 102|0x0000000710600000, 0x0000000710800000, 0x0000000710800000|100%| S|CS|TAMS 0x0000000710600000, 0x0000000710600000| Complete 
| 103|0x0000000710800000, 0x0000000710800000, 0x0000000710a00000|  0%| F|  |TAMS 0x0000000710800000, 0x0000000710800000| Untracked 
| 104|0x0000000710a00000, 0x0000000710a00000, 0x0000000710c00000|  0%| F|  |TAMS 0x0000000710a00000, 0x0000000710a00000| Untracked 
| 105|0x0000000710c00000, 0x0000000710c00000, 0x0000000710e00000|  0%| F|  |TAMS 0x0000000710c00000, 0x0000000710c00000| Untracked 
| 106|0x0000000710e00000, 0x0000000710e00000, 0x0000000711000000|  0%| F|  |TAMS 0x0000000710e00000, 0x0000000710e00000| Untracked 
| 107|0x0000000711000000, 0x0000000711000000, 0x0000000711200000|  0%| F|  |TAMS 0x0000000711000000, 0x0000000711000000| Untracked 
| 108|0x0000000711200000, 0x0000000711200000, 0x0000000711400000|  0%| F|  |TAMS 0x0000000711200000, 0x0000000711200000| Untracked 
| 109|0x0000000711400000, 0x0000000711400000, 0x0000000711600000|  0%| F|  |TAMS 0x0000000711400000, 0x0000000711400000| Untracked 
| 110|0x0000000711600000, 0x0000000711600000, 0x0000000711800000|  0%| F|  |TAMS 0x0000000711600000, 0x0000000711600000| Untracked 
| 111|0x0000000711800000, 0x0000000711800000, 0x0000000711a00000|  0%| F|  |TAMS 0x0000000711800000, 0x0000000711800000| Untracked 
| 112|0x0000000711a00000, 0x0000000711a00000, 0x0000000711c00000|  0%| F|  |TAMS 0x0000000711a00000, 0x0000000711a00000| Untracked 
| 113|0x0000000711c00000, 0x0000000711c00000, 0x0000000711e00000|  0%| F|  |TAMS 0x0000000711c00000, 0x0000000711c00000| Untracked 
| 114|0x0000000711e00000, 0x0000000711e00000, 0x0000000712000000|  0%| F|  |TAMS 0x0000000711e00000, 0x0000000711e00000| Untracked 
| 115|0x0000000712000000, 0x0000000712000000, 0x0000000712200000|  0%| F|  |TAMS 0x0000000712000000, 0x0000000712000000| Untracked 
| 116|0x0000000712200000, 0x0000000712200000, 0x0000000712400000|  0%| F|  |TAMS 0x0000000712200000, 0x0000000712200000| Untracked 
| 117|0x0000000712400000, 0x0000000712400000, 0x0000000712600000|  0%| F|  |TAMS 0x0000000712400000, 0x0000000712400000| Untracked 
| 118|0x0000000712600000, 0x0000000712600000, 0x0000000712800000|  0%| F|  |TAMS 0x0000000712600000, 0x0000000712600000| Untracked 
| 119|0x0000000712800000, 0x0000000712800000, 0x0000000712a00000|  0%| F|  |TAMS 0x0000000712800000, 0x0000000712800000| Untracked 
| 120|0x0000000712a00000, 0x0000000712a00000, 0x0000000712c00000|  0%| F|  |TAMS 0x0000000712a00000, 0x0000000712a00000| Untracked 
| 121|0x0000000712c00000, 0x0000000712c00000, 0x0000000712e00000|  0%| F|  |TAMS 0x0000000712c00000, 0x0000000712c00000| Untracked 
| 122|0x0000000712e00000, 0x0000000712e00000, 0x0000000713000000|  0%| F|  |TAMS 0x0000000712e00000, 0x0000000712e00000| Untracked 
| 123|0x0000000713000000, 0x0000000713000000, 0x0000000713200000|  0%| F|  |TAMS 0x0000000713000000, 0x0000000713000000| Untracked 
| 124|0x0000000713200000, 0x0000000713200000, 0x0000000713400000|  0%| F|  |TAMS 0x0000000713200000, 0x0000000713200000| Untracked 
| 125|0x0000000713400000, 0x0000000713400000, 0x0000000713600000|  0%| F|  |TAMS 0x0000000713400000, 0x0000000713400000| Untracked 
| 126|0x0000000713600000, 0x0000000713600000, 0x0000000713800000|  0%| F|  |TAMS 0x0000000713600000, 0x0000000713600000| Untracked 
| 127|0x0000000713800000, 0x0000000713800000, 0x0000000713a00000|  0%| F|  |TAMS 0x0000000713800000, 0x0000000713800000| Untracked 
| 128|0x0000000713a00000, 0x0000000713a00000, 0x0000000713c00000|  0%| F|  |TAMS 0x0000000713a00000, 0x0000000713a00000| Untracked 
| 129|0x0000000713c00000, 0x0000000713c00000, 0x0000000713e00000|  0%| F|  |TAMS 0x0000000713c00000, 0x0000000713c00000| Untracked 
| 130|0x0000000713e00000, 0x0000000713e00000, 0x0000000714000000|  0%| F|  |TAMS 0x0000000713e00000, 0x0000000713e00000| Untracked 
| 131|0x0000000714000000, 0x0000000714000000, 0x0000000714200000|  0%| F|  |TAMS 0x0000000714000000, 0x0000000714000000| Untracked 
| 132|0x0000000714200000, 0x0000000714200000, 0x0000000714400000|  0%| F|  |TAMS 0x0000000714200000, 0x0000000714200000| Untracked 
| 133|0x0000000714400000, 0x0000000714400000, 0x0000000714600000|  0%| F|  |TAMS 0x0000000714400000, 0x0000000714400000| Untracked 
| 134|0x0000000714600000, 0x0000000714600000, 0x0000000714800000|  0%| F|  |TAMS 0x0000000714600000, 0x0000000714600000| Untracked 
| 135|0x0000000714800000, 0x0000000714800000, 0x0000000714a00000|  0%| F|  |TAMS 0x0000000714800000, 0x0000000714800000| Untracked 
| 136|0x0000000714a00000, 0x0000000714a00000, 0x0000000714c00000|  0%| F|  |TAMS 0x0000000714a00000, 0x0000000714a00000| Untracked 
| 137|0x0000000714c00000, 0x0000000714c00000, 0x0000000714e00000|  0%| F|  |TAMS 0x0000000714c00000, 0x0000000714c00000| Untracked 
| 138|0x0000000714e00000, 0x0000000714e00000, 0x0000000715000000|  0%| F|  |TAMS 0x0000000714e00000, 0x0000000714e00000| Untracked 
| 139|0x0000000715000000, 0x0000000715000000, 0x0000000715200000|  0%| F|  |TAMS 0x0000000715000000, 0x0000000715000000| Untracked 
| 140|0x0000000715200000, 0x0000000715200000, 0x0000000715400000|  0%| F|  |TAMS 0x0000000715200000, 0x0000000715200000| Untracked 
| 141|0x0000000715400000, 0x0000000715400000, 0x0000000715600000|  0%| F|  |TAMS 0x0000000715400000, 0x0000000715400000| Untracked 
| 142|0x0000000715600000, 0x0000000715600000, 0x0000000715800000|  0%| F|  |TAMS 0x0000000715600000, 0x0000000715600000| Untracked 
| 143|0x0000000715800000, 0x0000000715800000, 0x0000000715a00000|  0%| F|  |TAMS 0x0000000715800000, 0x0000000715800000| Untracked 
| 144|0x0000000715a00000, 0x0000000715a00000, 0x0000000715c00000|  0%| F|  |TAMS 0x0000000715a00000, 0x0000000715a00000| Untracked 
| 145|0x0000000715c00000, 0x0000000715c00000, 0x0000000715e00000|  0%| F|  |TAMS 0x0000000715c00000, 0x0000000715c00000| Untracked 
| 146|0x0000000715e00000, 0x0000000715e00000, 0x0000000716000000|  0%| F|  |TAMS 0x0000000715e00000, 0x0000000715e00000| Untracked 
| 147|0x0000000716000000, 0x0000000716000000, 0x0000000716200000|  0%| F|  |TAMS 0x0000000716000000, 0x0000000716000000| Untracked 
| 148|0x0000000716200000, 0x0000000716200000, 0x0000000716400000|  0%| F|  |TAMS 0x0000000716200000, 0x0000000716200000| Untracked 
| 149|0x0000000716400000, 0x0000000716400000, 0x0000000716600000|  0%| F|  |TAMS 0x0000000716400000, 0x0000000716400000| Untracked 
| 150|0x0000000716600000, 0x0000000716600000, 0x0000000716800000|  0%| F|  |TAMS 0x0000000716600000, 0x0000000716600000| Untracked 
| 151|0x0000000716800000, 0x0000000716800000, 0x0000000716a00000|  0%| F|  |TAMS 0x0000000716800000, 0x0000000716800000| Untracked 
| 152|0x0000000716a00000, 0x0000000716c00000, 0x0000000716c00000|100%| E|  |TAMS 0x0000000716a00000, 0x0000000716a00000| Complete 
| 153|0x0000000716c00000, 0x0000000716e00000, 0x0000000716e00000|100%| E|CS|TAMS 0x0000000716c00000, 0x0000000716c00000| Complete 
| 154|0x0000000716e00000, 0x0000000717000000, 0x0000000717000000|100%| E|CS|TAMS 0x0000000716e00000, 0x0000000716e00000| Complete 
| 155|0x0000000717000000, 0x0000000717200000, 0x0000000717200000|100%| E|CS|TAMS 0x0000000717000000, 0x0000000717000000| Complete 
| 156|0x0000000717200000, 0x0000000717400000, 0x0000000717400000|100%| E|CS|TAMS 0x0000000717200000, 0x0000000717200000| Complete 
| 157|0x0000000717400000, 0x0000000717600000, 0x0000000717600000|100%| E|CS|TAMS 0x0000000717400000, 0x0000000717400000| Complete 
| 158|0x0000000717600000, 0x0000000717800000, 0x0000000717800000|100%| E|CS|TAMS 0x0000000717600000, 0x0000000717600000| Complete 
| 347|0x000000072f000000, 0x000000072f200000, 0x000000072f200000|100%| E|CS|TAMS 0x000000072f000000, 0x000000072f000000| Complete 
| 348|0x000000072f200000, 0x000000072f400000, 0x000000072f400000|100%| E|CS|TAMS 0x000000072f200000, 0x000000072f200000| Complete 
|2013|0x00000007ff400000, 0x00000007ff600000, 0x00000007ff600000|100%| O|  |TAMS 0x00000007ff600000, 0x00000007ff400000| Untracked 
|2014|0x00000007ff600000, 0x00000007ff800000, 0x00000007ff800000|100%| O|  |TAMS 0x00000007ff800000, 0x00000007ff600000| Untracked 
|2015|0x00000007ff800000, 0x00000007ffa00000, 0x00000007ffa00000|100%| O|  |TAMS 0x00000007ffa00000, 0x00000007ff800000| Untracked 
|2016|0x00000007ffa00000, 0x00000007ffc00000, 0x00000007ffc00000|100%| O|  |TAMS 0x00000007ffc00000, 0x00000007ffa00000| Untracked 
|2017|0x00000007ffc00000, 0x00000007ffe00000, 0x00000007ffe00000|100%| O|  |TAMS 0x00000007ffe00000, 0x00000007ffc00000| Untracked 
|2018|0x00000007ffe00000, 0x0000000800000000, 0x0000000800000000|100%| O|  |TAMS 0x0000000800000000, 0x00000007ffe00000| Untracked 

Card table byte_map: [0x0000021da3820000,0x0000021da4010000] _byte_map_base: 0x0000021da0003000

Marking Bits (Prev, Next): (CMBitMap*) 0x0000021d8bed42b0, (CMBitMap*) 0x0000021d8bed4270
 Prev Bits: [0x0000021da8720000, 0x0000021dac638000)
 Next Bits: [0x0000021da4800000, 0x0000021da8718000)

Polling page: 0x0000021d89d10000

Metaspace:

Usage:
  Non-class:     25.55 MB used.
      Class:      2.98 MB used.
       Both:     28.53 MB used.

Virtual space:
  Non-class space:       64.00 MB reserved,      25.81 MB ( 40%) committed,  1 nodes.
      Class space:        1.00 GB reserved,       3.25 MB ( <1%) committed,  1 nodes.
             Both:        1.06 GB reserved,      29.06 MB (  3%) committed. 

Chunk freelists:
   Non-Class:  2.17 MB
       Class:  736.00 KB
        Both:  2.89 MB

MaxMetaspaceSize: unlimited
CompressedClassSpaceSize: 1.00 GB
Initial GC threshold: 21.00 MB
Current GC threshold: 48.38 MB
CDS: on
MetaspaceReclaimPolicy: balanced
 - commit_granule_bytes: 65536.
 - commit_granule_words: 8192.
 - virtual_space_node_default_size: 8388608.
 - enlarge_chunks_in_place: 1.
 - new_chunks_are_fully_committed: 0.
 - uncommit_free_chunks: 1.
 - use_allocation_guard: 0.


Internal statistics:

num_allocs_failed_limit: 3.
num_arena_births: 566.
num_arena_deaths: 0.
num_vsnodes_births: 2.
num_vsnodes_deaths: 0.
num_space_committed: 465.
num_space_uncommitted: 0.
num_chunks_returned_to_freelist: 3.
num_chunks_taken_from_freelist: 1632.
num_chunk_merges: 3.
num_chunk_splits: 1166.
num_chunks_enlarged: 873.
num_inconsistent_stats: 0.

CodeHeap 'non-profiled nmethods': size=119168Kb used=6477Kb max_used=6477Kb free=112691Kb
 bounds [0x0000021d9b340000, 0x0000021d9b9a0000, 0x0000021da27a0000]
CodeHeap 'profiled nmethods': size=119104Kb used=17767Kb max_used=17767Kb free=101336Kb
 bounds [0x0000021d93ef0000, 0x0000021d95050000, 0x0000021d9b340000]
CodeHeap 'non-nmethods': size=7488Kb used=2937Kb max_used=3045Kb free=4550Kb
 bounds [0x0000021d937a0000, 0x0000021d93ab0000, 0x0000021d93ef0000]
 total_blobs=8550 nmethods=8023 adapters=435
 compilation: enabled
              stopped_count=0, restarted_count=0
 full_count=0

Compilation events (20 events):
Event: 4.892 Thread 0x0000021db3e68370 nmethod 9459 0x0000021d9b98b590 code [0x0000021d9b98b720, 0x0000021d9b98b7f8]
Event: 4.894 Thread 0x0000021daf5d8fc0 nmethod 9460 0x0000021d95042210 code [0x0000021d950427e0, 0x0000021d950460c8]
Event: 4.897 Thread 0x0000021daf5c8c40 nmethod 9454 0x0000021d9b98b890 code [0x0000021d9b98ba60, 0x0000021d9b98c2f8]
Event: 4.897 Thread 0x0000021daf5c8c40 9462       4       com.sun.tools.javac.code.Type$WildcardType::isExtendsBound (26 bytes)
Event: 4.897 Thread 0x0000021daf5c8c40 nmethod 9462 0x0000021d9b98c910 code [0x0000021d9b98ca80, 0x0000021d9b98cb18]
Event: 4.897 Thread 0x0000021daf5c8c40 9463       4       com.sun.tools.javac.comp.Check::checkDivZero (87 bytes)
Event: 4.898 Thread 0x0000021db3e68370 9467       3       com.sun.tools.javac.tree.JCTree$Tag::isIncOrDecUnaryOp (34 bytes)
Event: 4.898 Thread 0x0000021db3e68370 nmethod 9467 0x0000021d95047590 code [0x0000021d95047740, 0x0000021d95047978]
Event: 4.899 Thread 0x0000021daf5c8c40 nmethod 9463 0x0000021d9b98cc10 code [0x0000021d9b98cdc0, 0x0000021d9b98d058]
Event: 4.899 Thread 0x0000021daf5c8c40 9465       4       com.sun.tools.javac.comp.Operators$$Lambda$227/0x0000000800f33db0::test (16 bytes)
Event: 4.900 Thread 0x0000021daf5c8c40 nmethod 9465 0x0000021d9b98d310 code [0x0000021d9b98d4a0, 0x0000021d9b98d598]
Event: 4.900 Thread 0x0000021daf5c8c40 9464       4       com.sun.tools.javac.comp.Operators$$Lambda$229/0x0000000800f3c230::<init> (32 bytes)
Event: 4.904 Thread 0x0000021daf5c8c40 nmethod 9464 0x0000021d9b98d690 code [0x0000021d9b98d800, 0x0000021d9b98dcf8]
Event: 4.904 Thread 0x0000021daf5c8c40 9466       4       com.sun.tools.javac.comp.Operators$$Lambda$228/0x0000000800f3c000::apply (16 bytes)
Event: 4.905 Thread 0x0000021daf5c8c40 nmethod 9466 0x0000021d9b98dd90 code [0x0000021d9b98df20, 0x0000021d9b98e018]
Event: 4.905 Thread 0x0000021daf5c8c40 9461       4       java.util.ArrayList::fastRemove (44 bytes)
Event: 4.905 Thread 0x0000021db3e68370 9468       3       com.sun.tools.javac.tree.JCTree$JCWhileLoop::accept (6 bytes)
Event: 4.905 Thread 0x0000021db3e68370 nmethod 9468 0x0000021d95047a10 code [0x0000021d95047bc0, 0x0000021d95047da8]
Event: 4.906 Thread 0x0000021daf5c8c40 nmethod 9461 0x0000021d9b98e110 code [0x0000021d9b98e280, 0x0000021d9b98e458]
Event: 4.912 Thread 0x0000021daf5c8c40 9469       4       java.util.Spliterator::getExactSizeIfKnown (25 bytes)

GC Heap History (20 events):
Event: 2.447 GC heap before
{Heap before GC invocations=6 (full 0):
 garbage-first heap   total 88064K, used 60647K [0x0000000703a00000, 0x0000000800000000)
  region size 2048K, 15 young (30720K), 1 survivors (2048K)
 Metaspace       used 23823K, committed 24128K, reserved 1114112K
  class space    used 2555K, committed 2688K, reserved 1048576K
}
Event: 2.452 GC heap after
{Heap after GC invocations=7 (full 0):
 garbage-first heap   total 176128K, used 39899K [0x0000000703a00000, 0x0000000800000000)
  region size 2048K, 2 young (4096K), 2 survivors (4096K)
 Metaspace       used 23823K, committed 24128K, reserved 1114112K
  class space    used 2555K, committed 2688K, reserved 1048576K
}
Event: 2.979 GC heap before
{Heap before GC invocations=7 (full 0):
 garbage-first heap   total 176128K, used 101339K [0x0000000703a00000, 0x0000000800000000)
  region size 2048K, 33 young (67584K), 2 survivors (4096K)
 Metaspace       used 26472K, committed 26880K, reserved 1114112K
  class space    used 2794K, committed 3008K, reserved 1048576K
}
Event: 2.987 GC heap after
{Heap after GC invocations=8 (full 0):
 garbage-first heap   total 176128K, used 45891K [0x0000000703a00000, 0x0000000800000000)
  region size 2048K, 5 young (10240K), 5 survivors (10240K)
 Metaspace       used 26472K, committed 26880K, reserved 1114112K
  class space    used 2794K, committed 3008K, reserved 1048576K
}
Event: 3.235 GC heap before
{Heap before GC invocations=8 (full 0):
 garbage-first heap   total 176128K, used 121667K [0x0000000703a00000, 0x0000000800000000)
  region size 2048K, 36 young (73728K), 5 survivors (10240K)
 Metaspace       used 26620K, committed 27008K, reserved 1114112K
  class space    used 2807K, committed 3008K, reserved 1048576K
}
Event: 3.266 GC heap after
{Heap after GC invocations=9 (full 0):
 garbage-first heap   total 176128K, used 74269K [0x0000000703a00000, 0x0000000800000000)
  region size 2048K, 5 young (10240K), 5 survivors (10240K)
 Metaspace       used 26620K, committed 27008K, reserved 1114112K
  class space    used 2807K, committed 3008K, reserved 1048576K
}
Event: 3.538 GC heap before
{Heap before GC invocations=9 (full 0):
 garbage-first heap   total 176128K, used 127517K [0x0000000703a00000, 0x0000000800000000)
  region size 2048K, 28 young (57344K), 5 survivors (10240K)
 Metaspace       used 26654K, committed 27072K, reserved 1114112K
  class space    used 2812K, committed 3072K, reserved 1048576K
}
Event: 3.573 GC heap after
{Heap after GC invocations=10 (full 0):
 garbage-first heap   total 176128K, used 95298K [0x0000000703a00000, 0x0000000800000000)
  region size 2048K, 4 young (8192K), 4 survivors (8192K)
 Metaspace       used 26654K, committed 27072K, reserved 1114112K
  class space    used 2812K, committed 3072K, reserved 1048576K
}
Event: 3.701 GC heap before
{Heap before GC invocations=10 (full 0):
 garbage-first heap   total 176128K, used 109634K [0x0000000703a00000, 0x0000000800000000)
  region size 2048K, 13 young (26624K), 4 survivors (8192K)
 Metaspace       used 27036K, committed 27584K, reserved 1114112K
  class space    used 2884K, committed 3136K, reserved 1048576K
}
Event: 3.715 GC heap after
{Heap after GC invocations=11 (full 0):
 garbage-first heap   total 301056K, used 102705K [0x0000000703a00000, 0x0000000800000000)
  region size 2048K, 3 young (6144K), 3 survivors (6144K)
 Metaspace       used 27036K, committed 27584K, reserved 1114112K
  class space    used 2884K, committed 3136K, reserved 1048576K
}
Event: 3.975 GC heap before
{Heap before GC invocations=11 (full 0):
 garbage-first heap   total 301056K, used 219441K [0x0000000703a00000, 0x0000000800000000)
  region size 2048K, 53 young (108544K), 3 survivors (6144K)
 Metaspace       used 27222K, committed 27712K, reserved 1114112K
  class space    used 2892K, committed 3136K, reserved 1048576K
}
Event: 3.997 GC heap after
{Heap after GC invocations=12 (full 0):
 garbage-first heap   total 301056K, used 141581K [0x0000000703a00000, 0x0000000800000000)
  region size 2048K, 7 young (14336K), 7 survivors (14336K)
 Metaspace       used 27222K, committed 27712K, reserved 1114112K
  class space    used 2892K, committed 3136K, reserved 1048576K
}
Event: 4.085 GC heap before
{Heap before GC invocations=12 (full 0):
 garbage-first heap   total 301056K, used 188685K [0x0000000703a00000, 0x0000000800000000)
  region size 2048K, 28 young (57344K), 7 survivors (14336K)
 Metaspace       used 27241K, committed 27712K, reserved 1114112K
  class space    used 2893K, committed 3136K, reserved 1048576K
}
Event: 4.102 GC heap after
{Heap after GC invocations=13 (full 0):
 garbage-first heap   total 301056K, used 158320K [0x0000000703a00000, 0x0000000800000000)
  region size 2048K, 5 young (10240K), 5 survivors (10240K)
 Metaspace       used 27241K, committed 27712K, reserved 1114112K
  class space    used 2893K, committed 3136K, reserved 1048576K
}
Event: 4.216 GC heap before
{Heap before GC invocations=14 (full 0):
 garbage-first heap   total 301056K, used 199280K [0x0000000703a00000, 0x0000000800000000)
  region size 2048K, 37 young (75776K), 5 survivors (10240K)
 Metaspace       used 27283K, committed 27776K, reserved 1114112K
  class space    used 2894K, committed 3136K, reserved 1048576K
}
Event: 4.230 GC heap after
{Heap after GC invocations=15 (full 0):
 garbage-first heap   total 301056K, used 149504K [0x0000000703a00000, 0x0000000800000000)
  region size 2048K, 5 young (10240K), 5 survivors (10240K)
 Metaspace       used 27283K, committed 27776K, reserved 1114112K
  class space    used 2894K, committed 3136K, reserved 1048576K
}
Event: 4.240 GC heap before
{Heap before GC invocations=15 (full 0):
 garbage-first heap   total 301056K, used 153600K [0x0000000703a00000, 0x0000000800000000)
  region size 2048K, 7 young (14336K), 5 survivors (10240K)
 Metaspace       used 27283K, committed 27776K, reserved 1114112K
  class space    used 2894K, committed 3136K, reserved 1048576K
}
Event: 4.246 GC heap after
{Heap after GC invocations=16 (full 0):
 garbage-first heap   total 301056K, used 142340K [0x0000000703a00000, 0x0000000800000000)
  region size 2048K, 1 young (2048K), 1 survivors (2048K)
 Metaspace       used 27283K, committed 27776K, reserved 1114112K
  class space    used 2894K, committed 3136K, reserved 1048576K
}
Event: 4.821 GC heap before
{Heap before GC invocations=16 (full 0):
 garbage-first heap   total 301056K, used 216068K [0x0000000703a00000, 0x0000000800000000)
  region size 2048K, 38 young (77824K), 1 survivors (2048K)
 Metaspace       used 29126K, committed 29632K, reserved 1114112K
  class space    used 3047K, committed 3328K, reserved 1048576K
}
Event: 4.826 GC heap after
{Heap after GC invocations=17 (full 0):
 garbage-first heap   total 727040K, used 143792K [0x0000000703a00000, 0x0000000800000000)
  region size 2048K, 2 young (4096K), 2 survivors (4096K)
 Metaspace       used 29126K, committed 29632K, reserved 1114112K
  class space    used 3047K, committed 3328K, reserved 1048576K
}

Deoptimization events (20 events):
Event: 4.835 Thread 0x0000021d8be63a90 DEOPT PACKING pc=0x0000021d9b937b74 sp=0x0000004e2affb200
Event: 4.835 Thread 0x0000021d8be63a90 DEOPT UNPACKING pc=0x0000021d937f5c23 sp=0x0000004e2affb168 mode 2
Event: 4.835 Thread 0x0000021d8be63a90 Uncommon trap: trap_request=0xffffff45 fr.pc=0x0000021d9b8f2dec relative=0x000000000000006c
Event: 4.835 Thread 0x0000021d8be63a90 Uncommon trap: reason=unstable_if action=reinterpret pc=0x0000021d9b8f2dec method=java.util.RegularEnumSet.isEmpty()Z @ 6 c2
Event: 4.835 Thread 0x0000021d8be63a90 DEOPT PACKING pc=0x0000021d9b8f2dec sp=0x0000004e2affb630
Event: 4.835 Thread 0x0000021d8be63a90 DEOPT UNPACKING pc=0x0000021d937f5c23 sp=0x0000004e2affb5c0 mode 2
Event: 4.836 Thread 0x0000021d8be63a90 DEOPT PACKING pc=0x0000021d941b04a6 sp=0x0000004e2affafb0
Event: 4.836 Thread 0x0000021d8be63a90 DEOPT UNPACKING pc=0x0000021d937f6763 sp=0x0000004e2affa510 mode 0
Event: 4.836 Thread 0x0000021d8be63a90 Uncommon trap: trap_request=0xffffffde fr.pc=0x0000021d9b9658ec relative=0x00000000000037cc
Event: 4.836 Thread 0x0000021d8be63a90 Uncommon trap: reason=class_check action=maybe_recompile pc=0x0000021d9b9658ec method=com.sun.tools.javac.comp.Resolve.findMethod(Lcom/sun/tools/javac/comp/Env;Lcom/sun/tools/javac/code/Type;Lcom/sun/tools/javac/util/Name;Lcom/sun/tools/javac/util/List;Lc
Event: 4.836 Thread 0x0000021d8be63a90 DEOPT PACKING pc=0x0000021d9b9658ec sp=0x0000004e2affc020
Event: 4.836 Thread 0x0000021d8be63a90 DEOPT UNPACKING pc=0x0000021d937f5c23 sp=0x0000004e2affc000 mode 2
Event: 4.870 Thread 0x0000021d8be63a90 Uncommon trap: trap_request=0xffffff45 fr.pc=0x0000021d9b82c818 relative=0x0000000000000c98
Event: 4.870 Thread 0x0000021d8be63a90 Uncommon trap: reason=unstable_if action=reinterpret pc=0x0000021d9b82c818 method=java.util.HashMap.computeIfAbsent(Ljava/lang/Object;Ljava/util/function/Function;)Ljava/lang/Object; @ 294 c2
Event: 4.870 Thread 0x0000021d8be63a90 DEOPT PACKING pc=0x0000021d9b82c818 sp=0x0000004e2affc5a0
Event: 4.870 Thread 0x0000021d8be63a90 DEOPT UNPACKING pc=0x0000021d937f5c23 sp=0x0000004e2affc540 mode 2
Event: 4.871 Thread 0x0000021d8be63a90 Uncommon trap: trap_request=0xffffff45 fr.pc=0x0000021d9b462848 relative=0x00000000000009e8
Event: 4.871 Thread 0x0000021d8be63a90 Uncommon trap: reason=unstable_if action=reinterpret pc=0x0000021d9b462848 method=java.util.HashMap.resize()[Ljava/util/HashMap$Node; @ 203 c2
Event: 4.871 Thread 0x0000021d8be63a90 DEOPT PACKING pc=0x0000021d9b462848 sp=0x0000004e2affc4d0
Event: 4.871 Thread 0x0000021d8be63a90 DEOPT UNPACKING pc=0x0000021d937f5c23 sp=0x0000004e2affc478 mode 2

Classes loaded (20 events):
Event: 3.588 Loading class java/util/regex/Pattern$SliceI
Event: 3.589 Loading class java/util/regex/Pattern$SliceI done
Event: 3.640 Loading class java/util/regex/Pattern$Loop
Event: 3.640 Loading class java/util/regex/Pattern$Loop done
Event: 3.640 Loading class java/util/regex/Pattern$Prolog
Event: 3.640 Loading class java/util/regex/Pattern$Prolog done
Event: 3.651 Loading class java/util/regex/Pattern$LazyLoop
Event: 3.651 Loading class java/util/regex/Pattern$LazyLoop done
Event: 4.315 Loading class java/util/EnumMap$EntrySet
Event: 4.315 Loading class java/util/EnumMap$EntrySet done
Event: 4.315 Loading class java/util/EnumMap$EntryIterator
Event: 4.315 Loading class java/util/EnumMap$EnumMapIterator
Event: 4.315 Loading class java/util/EnumMap$EnumMapIterator done
Event: 4.315 Loading class java/util/EnumMap$EntryIterator done
Event: 4.315 Loading class java/util/EnumMap$EntryIterator$Entry
Event: 4.315 Loading class java/util/EnumMap$EntryIterator$Entry done
Event: 4.353 Loading class java/util/function/ToIntBiFunction
Event: 4.353 Loading class java/util/function/ToIntBiFunction done
Event: 4.358 Loading class sun/nio/ch/ChannelOutputStream
Event: 4.358 Loading class sun/nio/ch/ChannelOutputStream done

Classes unloaded (0 events):
No events

Classes redefined (0 events):
No events

Internal exceptions (20 events):
Event: 4.310 Thread 0x0000021d8be63a90 Exception <a 'java/lang/NoSuchMethodError'{0x0000000713fc4770}: 'java.lang.Object java.lang.invoke.DirectMethodHandle$Holder.invokeSpecial(java.lang.Object, java.lang.Object, java.lang.Object, int, java.lang.Object)'> (0x0000000713fc4770) 
thrown [s\open\src\hotspot\share\interpreter\linkResolver.cpp, line 766]
Event: 4.354 Thread 0x0000021d8be63a90 Exception <a 'sun/nio/fs/WindowsException'{0x0000000713dd9778}> (0x0000000713dd9778) 
thrown [s\open\src\hotspot\share\prims\jni.cpp, line 516]
Event: 4.356 Thread 0x0000021d8be63a90 Exception <a 'sun/nio/fs/WindowsException'{0x0000000713dde4c8}> (0x0000000713dde4c8) 
thrown [s\open\src\hotspot\share\prims\jni.cpp, line 516]
Event: 4.358 Thread 0x0000021d8be63a90 Exception <a 'sun/nio/fs/WindowsException'{0x0000000713de49a8}> (0x0000000713de49a8) 
thrown [s\open\src\hotspot\share\prims\jni.cpp, line 516]
Event: 4.371 Thread 0x0000021d8be63a90 Exception <a 'sun/nio/fs/WindowsException'{0x0000000713b949a0}> (0x0000000713b949a0) 
thrown [s\open\src\hotspot\share\prims\jni.cpp, line 516]
Event: 4.371 Thread 0x0000021d8be63a90 Exception <a 'sun/nio/fs/WindowsException'{0x0000000713b95030}> (0x0000000713b95030) 
thrown [s\open\src\hotspot\share\prims\jni.cpp, line 516]
Event: 4.371 Thread 0x0000021d8be63a90 Exception <a 'sun/nio/fs/WindowsException'{0x0000000713b957c0}> (0x0000000713b957c0) 
thrown [s\open\src\hotspot\share\prims\jni.cpp, line 516]
Event: 4.388 Thread 0x0000021d8be63a90 Exception <a 'sun/nio/fs/WindowsException'{0x00000007136398c8}> (0x00000007136398c8) 
thrown [s\open\src\hotspot\share\prims\jni.cpp, line 516]
Event: 4.388 Thread 0x0000021d8be63a90 Exception <a 'sun/nio/fs/WindowsException'{0x0000000713639f50}> (0x0000000713639f50) 
thrown [s\open\src\hotspot\share\prims\jni.cpp, line 516]
Event: 4.388 Thread 0x0000021d8be63a90 Exception <a 'sun/nio/fs/WindowsException'{0x000000071363a6d8}> (0x000000071363a6d8) 
thrown [s\open\src\hotspot\share\prims\jni.cpp, line 516]
Event: 4.401 Thread 0x0000021d8be63a90 Exception <a 'java/lang/NoSuchMethodError'{0x00000007137662c8}: 'int java.lang.invoke.DirectMethodHandle$Holder.invokeStatic(java.lang.Object, java.lang.Object, java.lang.Object, java.lang.Object)'> (0x00000007137662c8) 
thrown [s\open\src\hotspot\share\interpreter\linkResolver.cpp, line 766]
Event: 4.444 Thread 0x0000021d8be63a90 Implicit null exception at 0x0000021d9b871f76 to 0x0000021d9b872204
Event: 4.835 Thread 0x0000021d8be63a90 Exception <a 'sun/nio/fs/WindowsException'{0x000000072f2a3078}> (0x000000072f2a3078) 
thrown [s\open\src\hotspot\share\prims\jni.cpp, line 516]
Event: 4.835 Thread 0x0000021d8be63a90 Exception <a 'sun/nio/fs/WindowsException'{0x000000072f2a32a8}> (0x000000072f2a32a8) 
thrown [s\open\src\hotspot\share\prims\jni.cpp, line 516]
Event: 4.835 Thread 0x0000021d8be63a90 Exception <a 'sun/nio/fs/WindowsException'{0x000000072f2a4ba0}> (0x000000072f2a4ba0) 
thrown [s\open\src\hotspot\share\prims\jni.cpp, line 516]
Event: 4.835 Thread 0x0000021d8be63a90 Exception <a 'sun/nio/fs/WindowsException'{0x000000072f2a4d38}> (0x000000072f2a4d38) 
thrown [s\open\src\hotspot\share\prims\jni.cpp, line 516]
Event: 4.836 Thread 0x0000021d8be63a90 Exception <a 'sun/nio/fs/WindowsException'{0x000000072f2a6810}> (0x000000072f2a6810) 
thrown [s\open\src\hotspot\share\prims\jni.cpp, line 516]
Event: 4.836 Thread 0x0000021d8be63a90 Exception <a 'sun/nio/fs/WindowsException'{0x000000072f2a6a40}> (0x000000072f2a6a40) 
thrown [s\open\src\hotspot\share\prims\jni.cpp, line 516]
Event: 4.836 Thread 0x0000021d8be63a90 Exception <a 'sun/nio/fs/WindowsException'{0x000000072f2a8368}> (0x000000072f2a8368) 
thrown [s\open\src\hotspot\share\prims\jni.cpp, line 516]
Event: 4.836 Thread 0x0000021d8be63a90 Exception <a 'sun/nio/fs/WindowsException'{0x000000072f2a8620}> (0x000000072f2a8620) 
thrown [s\open\src\hotspot\share\prims\jni.cpp, line 516]

VM Operations (20 events):
Event: 4.510 Executing VM operation: HandshakeAllThreads
Event: 4.510 Executing VM operation: HandshakeAllThreads done
Event: 4.513 Executing VM operation: ICBufferFull
Event: 4.513 Executing VM operation: ICBufferFull done
Event: 4.513 Executing VM operation: ICBufferFull
Event: 4.513 Executing VM operation: ICBufferFull done
Event: 4.547 Executing VM operation: ICBufferFull
Event: 4.548 Executing VM operation: ICBufferFull done
Event: 4.657 Executing VM operation: ICBufferFull
Event: 4.657 Executing VM operation: ICBufferFull done
Event: 4.751 Executing VM operation: ICBufferFull
Event: 4.751 Executing VM operation: ICBufferFull done
Event: 4.818 Executing VM operation: ICBufferFull
Event: 4.818 Executing VM operation: ICBufferFull done
Event: 4.821 Executing VM operation: G1CollectForAllocation
Event: 4.826 Executing VM operation: G1CollectForAllocation done
Event: 4.847 Executing VM operation: G1Concurrent
Event: 4.850 Executing VM operation: G1Concurrent done
Event: 4.859 Executing VM operation: G1Concurrent
Event: 4.859 Executing VM operation: G1Concurrent done

Events (20 events):
Event: 4.054 Thread 0x0000021daf5da8c0 flushing nmethod 0x0000021d94d29a90
Event: 4.054 Thread 0x0000021daf5da8c0 flushing nmethod 0x0000021d94d29f10
Event: 4.055 Thread 0x0000021daf5da8c0 flushing nmethod 0x0000021d94d32b10
Event: 4.055 Thread 0x0000021daf5da8c0 flushing nmethod 0x0000021d94d39210
Event: 4.055 Thread 0x0000021daf5da8c0 flushing nmethod 0x0000021d94d44490
Event: 4.511 Thread 0x0000021daf5da8c0 flushing nmethod 0x0000021d9b816f10
Event: 4.514 Thread 0x0000021daf5da8c0 flushing nmethod 0x0000021d94133c90
Event: 4.517 Thread 0x0000021daf5da8c0 flushing nmethod 0x0000021d944deb10
Event: 4.521 Thread 0x0000021daf5da8c0 flushing nmethod 0x0000021d9496b890
Event: 4.522 Thread 0x0000021daf5da8c0 flushing nmethod 0x0000021d949aa310
Event: 4.523 Thread 0x0000021daf5da8c0 flushing nmethod 0x0000021d94b29390
Event: 4.524 Thread 0x0000021daf5da8c0 flushing nmethod 0x0000021d94c7d910
Event: 4.524 Thread 0x0000021daf5da8c0 flushing nmethod 0x0000021d94c9e810
Event: 4.524 Thread 0x0000021daf5da8c0 flushing nmethod 0x0000021d94d1f490
Event: 4.524 Thread 0x0000021daf5da8c0 flushing nmethod 0x0000021d94d20090
Event: 4.524 Thread 0x0000021daf5da8c0 flushing nmethod 0x0000021d94d20810
Event: 4.524 Thread 0x0000021daf5da8c0 flushing nmethod 0x0000021d94d21a10
Event: 4.524 Thread 0x0000021daf5da8c0 flushing nmethod 0x0000021d94d24490
Event: 4.524 Thread 0x0000021daf5da8c0 flushing nmethod 0x0000021d94d32190
Event: 4.524 Thread 0x0000021daf5da8c0 flushing nmethod 0x0000021d94d33090


Dynamic libraries:
0x00007ff7ee3b0000 - 0x00007ff7ee3c0000 	C:\Program Files\Java\jdk-18.0.1.1\bin\java.exe
0x00007ff956710000 - 0x00007ff956904000 	C:\Windows\SYSTEM32\ntdll.dll
0x00007ff954a50000 - 0x00007ff954b0d000 	C:\Windows\System32\KERNEL32.DLL
0x00007ff9542d0000 - 0x00007ff954597000 	C:\Windows\System32\KERNELBASE.dll
0x00007ff9540c0000 - 0x00007ff9541c0000 	C:\Windows\System32\ucrtbase.dll
0x00007ff9437c0000 - 0x00007ff9437da000 	C:\Program Files\Java\jdk-18.0.1.1\bin\VCRUNTIME140.dll
0x00007ff941fd0000 - 0x00007ff941fe8000 	C:\Program Files\Java\jdk-18.0.1.1\bin\jli.dll
0x00007ff956590000 - 0x00007ff95663a000 	C:\Windows\System32\ADVAPI32.dll
0x00007ff954940000 - 0x00007ff9549de000 	C:\Windows\System32\msvcrt.dll
0x00007ff954790000 - 0x00007ff95482b000 	C:\Windows\System32\sechost.dll
0x00007ff9551a0000 - 0x00007ff9552c3000 	C:\Windows\System32\RPCRT4.dll
0x00007ff956230000 - 0x00007ff9563d0000 	C:\Windows\System32\USER32.dll
0x00007ff9545a0000 - 0x00007ff9545c2000 	C:\Windows\System32\win32u.dll
0x00007ff93d7a0000 - 0x00007ff93da3a000 	C:\Windows\WinSxS\amd64_microsoft.windows.common-controls_6595b64144ccf1df_6.0.19041.1_none_b555e41d4684ddec\COMCTL32.dll
0x00007ff956640000 - 0x00007ff95666a000 	C:\Windows\System32\GDI32.dll
0x00007ff953f00000 - 0x00007ff954009000 	C:\Windows\System32\gdi32full.dll
0x00007ff953e60000 - 0x00007ff953efd000 	C:\Windows\System32\msvcp_win.dll
0x00007ff94e6b0000 - 0x00007ff94e6ba000 	C:\Windows\SYSTEM32\VERSION.dll
0x00007ff9558e0000 - 0x00007ff955910000 	C:\Windows\System32\IMM32.DLL
0x00007ff944ab0000 - 0x00007ff944abc000 	C:\Program Files\Java\jdk-18.0.1.1\bin\vcruntime140_1.dll
0x00007ff91fcd0000 - 0x00007ff91fd5d000 	C:\Program Files\Java\jdk-18.0.1.1\bin\msvcp140.dll
0x00007ff900d70000 - 0x00007ff901980000 	C:\Program Files\Java\jdk-18.0.1.1\bin\server\jvm.dll
0x00007ff954780000 - 0x00007ff954788000 	C:\Windows\System32\PSAPI.DLL
0x00007ff9516a0000 - 0x00007ff9516a9000 	C:\Windows\SYSTEM32\WSOCK32.dll
0x00007ff935270000 - 0x00007ff935297000 	C:\Windows\SYSTEM32\WINMM.dll
0x00007ff9549e0000 - 0x00007ff954a4b000 	C:\Windows\System32\WS2_32.dll
0x00007ff951e10000 - 0x00007ff951e23000 	C:\Windows\SYSTEM32\kernel.appcore.dll
0x00007ff9449a0000 - 0x00007ff9449aa000 	C:\Program Files\Java\jdk-18.0.1.1\bin\jimage.dll
0x00007ff93dbe0000 - 0x00007ff93ddc4000 	C:\Windows\SYSTEM32\DBGHELP.DLL
0x00007ff93da40000 - 0x00007ff93da6c000 	C:\Windows\SYSTEM32\dbgcore.DLL
0x00007ff954040000 - 0x00007ff9540bf000 	C:\Windows\System32\bcryptPrimitives.dll
0x00007ff941ef0000 - 0x00007ff941f15000 	C:\Program Files\Java\jdk-18.0.1.1\bin\java.dll
0x00007ff9108a0000 - 0x00007ff910976000 	C:\Program Files\Java\jdk-18.0.1.1\bin\jsvml.dll
0x00007ff955af0000 - 0x00007ff956221000 	C:\Windows\System32\SHELL32.dll
0x00007ff952010000 - 0x00007ff95279a000 	C:\Windows\SYSTEM32\windows.storage.dll
0x00007ff954bf0000 - 0x00007ff954f44000 	C:\Windows\System32\combase.dll
0x00007ff953870000 - 0x00007ff95389b000 	C:\Windows\SYSTEM32\Wldp.dll
0x00007ff954830000 - 0x00007ff9548de000 	C:\Windows\System32\SHCORE.dll
0x00007ff956670000 - 0x00007ff9566c5000 	C:\Windows\System32\shlwapi.dll
0x00007ff953da0000 - 0x00007ff953dbf000 	C:\Windows\SYSTEM32\profapi.dll
0x00007ff9401a0000 - 0x00007ff9401b3000 	C:\Program Files\Java\jdk-18.0.1.1\bin\net.dll
0x00007ff94c850000 - 0x00007ff94c950000 	C:\Windows\SYSTEM32\WINHTTP.dll
0x00007ff953590000 - 0x00007ff9535fa000 	C:\Windows\system32\mswsock.dll
0x00007ff93fbb0000 - 0x00007ff93fbc6000 	C:\Program Files\Java\jdk-18.0.1.1\bin\nio.dll
0x00007ff93fb40000 - 0x00007ff93fb58000 	C:\Program Files\Java\jdk-18.0.1.1\bin\zip.dll
0x00007ff944670000 - 0x00007ff944680000 	C:\Program Files\Java\jdk-18.0.1.1\bin\verify.dll
0x00007ff953760000 - 0x00007ff953778000 	C:\Windows\SYSTEM32\CRYPTSP.dll
0x00007ff952f20000 - 0x00007ff952f54000 	C:\Windows\system32\rsaenh.dll
0x00007ff954010000 - 0x00007ff954037000 	C:\Windows\System32\bcrypt.dll
0x00007ff953d20000 - 0x00007ff953d4e000 	C:\Windows\SYSTEM32\USERENV.dll
0x00007ff953780000 - 0x00007ff95378c000 	C:\Windows\SYSTEM32\CRYPTBASE.dll
0x00007ff953280000 - 0x00007ff9532bb000 	C:\Windows\SYSTEM32\IPHLPAPI.DLL
0x00007ff955ae0000 - 0x00007ff955ae9000 	C:\Windows\System32\NSI.dll
0x00007ff94e300000 - 0x00007ff94e317000 	C:\Windows\SYSTEM32\dhcpcsvc6.DLL
0x00007ff94e3a0000 - 0x00007ff94e3bd000 	C:\Windows\SYSTEM32\dhcpcsvc.DLL
0x00007ff9532c0000 - 0x00007ff95338a000 	C:\Windows\SYSTEM32\DNSAPI.dll
0x00007ff944960000 - 0x00007ff94496a000 	C:\Users\Administrator\AppData\Local\Temp\jansi-1.17.1-11847375890105730197.dll
0x00007ff9447c0000 - 0x00007ff9447ca000 	C:\Users\Administrator\AppData\Local\Temp\jansi-1.17.1-17764795741053255937.dll

dbghelp: loaded successfully - version: 4.0.5 - missing functions: none
symbol engine: initialized successfully - sym options: 0x614 - pdb path: .;C:\Program Files\Java\jdk-18.0.1.1\bin;C:\Windows\SYSTEM32;C:\Windows\WinSxS\amd64_microsoft.windows.common-controls_6595b64144ccf1df_6.0.19041.1_none_b555e41d4684ddec;C:\Program Files\Java\jdk-18.0.1.1\bin\server;C:\Users\Administrator\AppData\Local\Temp

VM Arguments:
jvm_args: -Dmaven.multiModuleProjectDirectory=D:\antlr -Dmaven.home=D:\Èí¼þ\IntelliJ IDEA Community Edition 2022.2.3\plugins\maven\lib\maven3 -Dclassworlds.conf=D:\Èí¼þ\IntelliJ IDEA Community Edition 2022.2.3\plugins\maven\lib\maven3\bin\m2.conf -Dmaven.ext.class.path=D:\Èí¼þ\IntelliJ IDEA Community Edition 2022.2.3\plugins\maven\lib\maven-event-listener.jar -Dfile.encoding=UTF-8 -Dsun.stdout.encoding=UTF-8 -Dsun.stderr.encoding=UTF-8 
java_command: org.codehaus.classworlds.Launcher -Didea.version=2022.2.3 install --non-recursive
java_class_path (initial): D:\Èí¼þ\IntelliJ IDEA Community Edition 2022.2.3\plugins\maven\lib\maven3\boot\plexus-classworlds-2.6.0.jar;D:\Èí¼þ\IntelliJ IDEA Community Edition 2022.2.3\plugins\maven\lib\maven3\boot\plexus-classworlds.license
Launcher Type: SUN_STANDARD

[Global flags]
     intx CICompilerCount                          = 12                                        {product} {ergonomic}
     uint ConcGCThreads                            = 3                                         {product} {ergonomic}
     uint G1ConcRefinementThreads                  = 13                                        {product} {ergonomic}
   size_t G1HeapRegionSize                         = 2097152                                   {product} {ergonomic}
    uintx GCDrainStackTargetSize                   = 64                                        {product} {ergonomic}
   size_t InitialHeapSize                          = 266338304                                 {product} {ergonomic}
   size_t MarkStackSize                            = 4194304                                   {product} {ergonomic}
   size_t MaxHeapSize                              = 4234149888                                {product} {ergonomic}
   size_t MaxNewSize                               = 2539651072                                {product} {ergonomic}
   size_t MinHeapDeltaBytes                        = 2097152                                   {product} {ergonomic}
   size_t MinHeapSize                              = 8388608                                   {product} {ergonomic}
    uintx NonNMethodCodeHeapSize                   = 7602480                                {pd product} {ergonomic}
    uintx NonProfiledCodeHeapSize                  = 122027880                              {pd product} {ergonomic}
    uintx ProfiledCodeHeapSize                     = 122027880                              {pd product} {ergonomic}
    uintx ReservedCodeCacheSize                    = 251658240                              {pd product} {ergonomic}
     bool SegmentedCodeCache                       = true                                      {product} {ergonomic}
   size_t SoftMaxHeapSize                          = 4234149888                             {manageable} {ergonomic}
     bool UseCompressedClassPointers               = true                           {product lp64_product} {ergonomic}
     bool UseCompressedOops                        = true                           {product lp64_product} {ergonomic}
     bool UseG1GC                                  = true                                      {product} {ergonomic}
     bool UseLargePagesIndividualAllocation        = false                                  {pd product} {ergonomic}

Logging:
Log output configuration:
 #0: stdout all=warning uptime,level,tags foldmultilines=false
 #1: stderr all=off uptime,level,tags foldmultilines=false

Environment Variables:
JAVA_HOME=C:\Program Files\Java\jdk-18.0.1.1
CLASSPATH=.;C:\Program Files\Java\jdk-18.0.1.1\lib\dt.jar;C:\Program Files\Java\jdk-18.0.1.1\lib\tools.jar; 
PATH=C:\Program Files\Common Files\Oracle\Java\javapath;C:\Windows\system32;C:\Windows;C:\Windows\System32\Wbem;C:\Windows\System32\WindowsPowerShell\v1.0\;C:\Windows\System32\OpenSSH\;C:\Program Files\Microsoft SQL Server\150\Tools\Binn\;C:\Program Files\Microsoft SQL Server\Client SDK\ODBC\170\Tools\Binn\;C:\Program Files\dotnet\;"C:\Program Files\Java\jdk-18.0.1.1\bin;";"C:\Program Files\Java\jdk-18.0.1.1\jre\bin;";C:\Users\Administrator\AppData\Local\Microsoft\WindowsApps;C:\Users\Administrator\.dotnet\tools
USERNAME=Administrator
OS=Windows_NT
PROCESSOR_IDENTIFIER=Intel64 Family 6 Model 167 Stepping 1, GenuineIntel



---------------  S Y S T E M  ---------------

OS:
 Windows 10 , 64 bit Build 19041 (10.0.19041.207)
OS uptime: 25 days 20:06 hours

CPU: total 16 (initial active 16) (8 cores per cpu, 2 threads per core) family 6 model 167 stepping 1 microcode 0x3c, cx8, cmov, fxsr, ht, mmx, 3dnowpref, sse, sse2, sse3, ssse3, sse4.1, sse4.2, popcnt, lzcnt, tsc, tscinvbit, avx, avx2, aes, erms, clmul, bmi1, bmi2, adx, avx512f, avx512dq, avx512cd, avx512bw, avx512vl, sha, fma, vzeroupper, avx512_vpopcntdq, avx512_vpclmulqdq, avx512_vaes, avx512_vnni, clflush, clflushopt, avx512_vbmi2, avx512_vbmi

Memory: 4k page, system-wide physical 16149M (3128M free)
TotalPageFile size 22979M (AvailPageFile size 5M)
current process WorkingSet (physical memory assigned to process): 580M, peak: 580M
current process commit charge ("private bytes"): 1046M, peak: 1046M

vm_info: Java HotSpot(TM) 64-Bit Server VM (18.0.1.1+2-6) for windows-amd64 JRE (18.0.1.1+2-6), built on Apr 25 2022 21:53:15 by "mach5one" with MS VC++ 16.8 / 16.9 (VS2019)

END.
